{"/Users/wh/repos/uol/projects/client-mlm-post-detector/src/background.ts": {"path":"/Users/wh/repos/uol/projects/client-mlm-post-detector/src/background.ts","all":false,"statementMap":{"4":{"start":{"line":5,"column":0},"end":{"line":5,"column":74}},"5":{"start":{"line":6,"column":0},"end":{"line":6,"column":35}},"6":{"start":{"line":7,"column":0},"end":{"line":7,"column":48}},"7":{"start":{"line":8,"column":0},"end":{"line":8,"column":51}},"8":{"start":{"line":9,"column":0},"end":{"line":9,"column":3}},"9":{"start":{"line":10,"column":0},"end":{"line":10,"column":3}},"16":{"start":{"line":17,"column":0},"end":{"line":17,"column":37}},"17":{"start":{"line":18,"column":0},"end":{"line":18,"column":24}},"18":{"start":{"line":19,"column":0},"end":{"line":19,"column":24}},"19":{"start":{"line":20,"column":0},"end":{"line":20,"column":3}},"20":{"start":{"line":21,"column":0},"end":{"line":21,"column":42}},"21":{"start":{"line":22,"column":0},"end":{"line":22,"column":19}},"22":{"start":{"line":23,"column":0},"end":{"line":23,"column":52}},"23":{"start":{"line":24,"column":0},"end":{"line":24,"column":42}},"24":{"start":{"line":25,"column":0},"end":{"line":25,"column":4}},"25":{"start":{"line":26,"column":0},"end":{"line":26,"column":30}},"26":{"start":{"line":27,"column":0},"end":{"line":27,"column":21}},"27":{"start":{"line":28,"column":0},"end":{"line":28,"column":25}},"28":{"start":{"line":29,"column":0},"end":{"line":29,"column":6}},"29":{"start":{"line":30,"column":0},"end":{"line":30,"column":21}},"30":{"start":{"line":31,"column":0},"end":{"line":31,"column":25}},"31":{"start":{"line":32,"column":0},"end":{"line":32,"column":56}},"32":{"start":{"line":33,"column":0},"end":{"line":33,"column":7}},"33":{"start":{"line":34,"column":0},"end":{"line":34,"column":1}},"35":{"start":{"line":36,"column":0},"end":{"line":36,"column":74}},"36":{"start":{"line":37,"column":0},"end":{"line":37,"column":36}},"37":{"start":{"line":38,"column":0},"end":{"line":38,"column":46}},"38":{"start":{"line":39,"column":0},"end":{"line":39,"column":51}},"39":{"start":{"line":40,"column":0},"end":{"line":40,"column":3}},"40":{"start":{"line":41,"column":0},"end":{"line":41,"column":3}},"47":{"start":{"line":48,"column":0},"end":{"line":48,"column":35}},"48":{"start":{"line":49,"column":0},"end":{"line":49,"column":29}},"49":{"start":{"line":50,"column":0},"end":{"line":50,"column":24}},"50":{"start":{"line":51,"column":0},"end":{"line":51,"column":3}},"51":{"start":{"line":52,"column":0},"end":{"line":52,"column":43}},"52":{"start":{"line":53,"column":0},"end":{"line":53,"column":19}},"53":{"start":{"line":54,"column":0},"end":{"line":54,"column":52}},"54":{"start":{"line":55,"column":0},"end":{"line":55,"column":42}},"55":{"start":{"line":56,"column":0},"end":{"line":56,"column":4}},"56":{"start":{"line":57,"column":0},"end":{"line":57,"column":30}},"57":{"start":{"line":58,"column":0},"end":{"line":58,"column":21}},"58":{"start":{"line":59,"column":0},"end":{"line":59,"column":25}},"59":{"start":{"line":60,"column":0},"end":{"line":60,"column":6}},"60":{"start":{"line":61,"column":0},"end":{"line":61,"column":21}},"61":{"start":{"line":62,"column":0},"end":{"line":62,"column":25}},"62":{"start":{"line":63,"column":0},"end":{"line":63,"column":56}},"63":{"start":{"line":64,"column":0},"end":{"line":64,"column":7}},"64":{"start":{"line":65,"column":0},"end":{"line":65,"column":1}},"67":{"start":{"line":68,"column":0},"end":{"line":68,"column":63}},"68":{"start":{"line":69,"column":0},"end":{"line":69,"column":52}},"69":{"start":{"line":70,"column":0},"end":{"line":70,"column":31}},"70":{"start":{"line":71,"column":0},"end":{"line":71,"column":3}},"71":{"start":{"line":72,"column":0},"end":{"line":72,"column":3}},"74":{"start":{"line":75,"column":0},"end":{"line":75,"column":53}},"75":{"start":{"line":76,"column":0},"end":{"line":76,"column":46}},"76":{"start":{"line":77,"column":0},"end":{"line":77,"column":18}},"77":{"start":{"line":78,"column":0},"end":{"line":78,"column":44}},"78":{"start":{"line":79,"column":0},"end":{"line":79,"column":5}},"79":{"start":{"line":80,"column":0},"end":{"line":80,"column":5}},"80":{"start":{"line":81,"column":0},"end":{"line":81,"column":3}},"89":{"start":{"line":90,"column":0},"end":{"line":90,"column":56}},"90":{"start":{"line":91,"column":0},"end":{"line":91,"column":38}},"91":{"start":{"line":92,"column":0},"end":{"line":92,"column":27}},"92":{"start":{"line":93,"column":0},"end":{"line":93,"column":12}},"93":{"start":{"line":94,"column":0},"end":{"line":94,"column":13}},"94":{"start":{"line":95,"column":0},"end":{"line":95,"column":40}},"95":{"start":{"line":96,"column":0},"end":{"line":96,"column":40}},"96":{"start":{"line":97,"column":0},"end":{"line":97,"column":42}},"97":{"start":{"line":98,"column":0},"end":{"line":98,"column":8}},"98":{"start":{"line":99,"column":0},"end":{"line":99,"column":7}},"99":{"start":{"line":100,"column":0},"end":{"line":100,"column":10}},"100":{"start":{"line":101,"column":0},"end":{"line":101,"column":27}},"101":{"start":{"line":102,"column":0},"end":{"line":102,"column":12}},"102":{"start":{"line":103,"column":0},"end":{"line":103,"column":13}},"103":{"start":{"line":104,"column":0},"end":{"line":104,"column":42}},"104":{"start":{"line":105,"column":0},"end":{"line":105,"column":42}},"105":{"start":{"line":106,"column":0},"end":{"line":106,"column":44}},"106":{"start":{"line":107,"column":0},"end":{"line":107,"column":8}},"107":{"start":{"line":108,"column":0},"end":{"line":108,"column":7}},"108":{"start":{"line":109,"column":0},"end":{"line":109,"column":3}},"109":{"start":{"line":110,"column":0},"end":{"line":110,"column":1}}},"s":{"4":1,"5":0,"6":0,"7":0,"8":0,"9":0,"16":1,"17":2,"18":2,"19":2,"20":2,"21":2,"22":2,"23":2,"24":2,"25":2,"26":2,"27":1,"28":2,"29":2,"30":1,"31":1,"32":2,"33":2,"35":1,"36":0,"37":0,"38":0,"39":0,"40":0,"47":1,"48":0,"49":0,"50":0,"51":0,"52":0,"53":0,"54":0,"55":0,"56":0,"57":0,"58":0,"59":0,"60":0,"61":0,"62":0,"63":0,"64":0,"67":1,"68":0,"69":0,"70":0,"71":0,"74":1,"75":0,"76":0,"77":0,"78":0,"79":0,"80":0,"89":1,"90":2,"91":1,"92":1,"93":1,"94":1,"95":1,"96":1,"97":1,"98":1,"99":1,"100":1,"101":1,"102":1,"103":1,"104":1,"105":1,"106":1,"107":1,"108":1,"109":2},"branchMap":{"0":{"type":"branch","line":17,"loc":{"start":{"line":17,"column":7},"end":{"line":34,"column":1}},"locations":[{"start":{"line":17,"column":7},"end":{"line":34,"column":1}}]},"1":{"type":"branch","line":26,"loc":{"start":{"line":26,"column":10},"end":{"line":26,"column":29}},"locations":[{"start":{"line":26,"column":10},"end":{"line":26,"column":29}}]},"2":{"type":"branch","line":27,"loc":{"start":{"line":27,"column":10},"end":{"line":29,"column":5}},"locations":[{"start":{"line":27,"column":10},"end":{"line":29,"column":5}}]},"3":{"type":"branch","line":30,"loc":{"start":{"line":30,"column":11},"end":{"line":33,"column":5}},"locations":[{"start":{"line":30,"column":11},"end":{"line":33,"column":5}}]},"4":{"type":"branch","line":90,"loc":{"start":{"line":90,"column":7},"end":{"line":110,"column":1}},"locations":[{"start":{"line":90,"column":7},"end":{"line":110,"column":1}}]},"5":{"type":"branch","line":91,"loc":{"start":{"line":91,"column":37},"end":{"line":109,"column":3}},"locations":[{"start":{"line":91,"column":37},"end":{"line":109,"column":3}}]}},"b":{"0":[2],"1":[1],"2":[1],"3":[1],"4":[2],"5":[1]},"fnMap":{"0":{"name":"handleAnalyseMessage","decl":{"start":{"line":17,"column":7},"end":{"line":34,"column":1}},"loc":{"start":{"line":17,"column":7},"end":{"line":34,"column":1}},"line":17},"1":{"name":"handleUserFeedback","decl":{"start":{"line":48,"column":7},"end":{"line":65,"column":1}},"loc":{"start":{"line":48,"column":7},"end":{"line":65,"column":1}},"line":48},"2":{"name":"updateIcon","decl":{"start":{"line":90,"column":7},"end":{"line":110,"column":1}},"loc":{"start":{"line":90,"column":7},"end":{"line":110,"column":1}},"line":90}},"f":{"0":2,"1":0,"2":2}}
,"/Users/wh/repos/uol/projects/client-mlm-post-detector/src/content.ts": {"path":"/Users/wh/repos/uol/projects/client-mlm-post-detector/src/content.ts","all":false,"statementMap":{"1":{"start":{"line":2,"column":0},"end":{"line":2,"column":57}},"2":{"start":{"line":3,"column":0},"end":{"line":3,"column":56}},"4":{"start":{"line":5,"column":0},"end":{"line":5,"column":46}},"5":{"start":{"line":6,"column":0},"end":{"line":6,"column":68}},"7":{"start":{"line":8,"column":0},"end":{"line":8,"column":28}},"8":{"start":{"line":9,"column":0},"end":{"line":9,"column":35}},"9":{"start":{"line":10,"column":0},"end":{"line":10,"column":62}},"11":{"start":{"line":12,"column":0},"end":{"line":12,"column":17}},"12":{"start":{"line":13,"column":0},"end":{"line":13,"column":16}},"13":{"start":{"line":14,"column":0},"end":{"line":14,"column":27}},"16":{"start":{"line":17,"column":0},"end":{"line":17,"column":58}},"17":{"start":{"line":18,"column":0},"end":{"line":18,"column":57}},"18":{"start":{"line":19,"column":0},"end":{"line":19,"column":7}},"21":{"start":{"line":22,"column":0},"end":{"line":22,"column":65}},"22":{"start":{"line":23,"column":0},"end":{"line":23,"column":55}},"23":{"start":{"line":24,"column":0},"end":{"line":24,"column":60}},"24":{"start":{"line":25,"column":0},"end":{"line":25,"column":7}},"25":{"start":{"line":26,"column":0},"end":{"line":26,"column":7}},"28":{"start":{"line":29,"column":0},"end":{"line":29,"column":79}},"29":{"start":{"line":30,"column":0},"end":{"line":30,"column":36}},"30":{"start":{"line":31,"column":0},"end":{"line":31,"column":36}},"31":{"start":{"line":32,"column":0},"end":{"line":32,"column":7}},"32":{"start":{"line":33,"column":0},"end":{"line":33,"column":7}},"35":{"start":{"line":36,"column":0},"end":{"line":36,"column":65}},"36":{"start":{"line":37,"column":0},"end":{"line":37,"column":42}},"37":{"start":{"line":38,"column":0},"end":{"line":38,"column":39}},"38":{"start":{"line":39,"column":0},"end":{"line":39,"column":7}},"39":{"start":{"line":40,"column":0},"end":{"line":40,"column":7}},"40":{"start":{"line":41,"column":0},"end":{"line":41,"column":3}},"45":{"start":{"line":46,"column":0},"end":{"line":46,"column":67}},"46":{"start":{"line":47,"column":0},"end":{"line":47,"column":24}},"47":{"start":{"line":48,"column":0},"end":{"line":48,"column":28}},"48":{"start":{"line":49,"column":0},"end":{"line":49,"column":36}},"49":{"start":{"line":50,"column":0},"end":{"line":50,"column":51}},"50":{"start":{"line":51,"column":0},"end":{"line":51,"column":9}},"51":{"start":{"line":52,"column":0},"end":{"line":52,"column":14}},"52":{"start":{"line":53,"column":0},"end":{"line":53,"column":29}},"53":{"start":{"line":54,"column":0},"end":{"line":54,"column":48}},"54":{"start":{"line":55,"column":0},"end":{"line":55,"column":36}},"56":{"start":{"line":57,"column":0},"end":{"line":57,"column":62}},"57":{"start":{"line":58,"column":0},"end":{"line":58,"column":16}},"59":{"start":{"line":60,"column":0},"end":{"line":60,"column":53}},"60":{"start":{"line":61,"column":0},"end":{"line":61,"column":43}},"61":{"start":{"line":62,"column":0},"end":{"line":62,"column":9}},"62":{"start":{"line":63,"column":0},"end":{"line":63,"column":14}},"63":{"start":{"line":64,"column":0},"end":{"line":64,"column":14}},"64":{"start":{"line":65,"column":0},"end":{"line":65,"column":77}},"65":{"start":{"line":66,"column":0},"end":{"line":66,"column":5}},"66":{"start":{"line":67,"column":0},"end":{"line":67,"column":3}},"71":{"start":{"line":72,"column":0},"end":{"line":72,"column":49}},"73":{"start":{"line":74,"column":0},"end":{"line":74,"column":33}},"74":{"start":{"line":75,"column":0},"end":{"line":75,"column":13}},"75":{"start":{"line":76,"column":0},"end":{"line":76,"column":5}},"77":{"start":{"line":78,"column":0},"end":{"line":78,"column":27}},"78":{"start":{"line":79,"column":0},"end":{"line":79,"column":50}},"79":{"start":{"line":80,"column":0},"end":{"line":80,"column":12}},"80":{"start":{"line":81,"column":0},"end":{"line":81,"column":49}},"81":{"start":{"line":82,"column":0},"end":{"line":82,"column":68}},"82":{"start":{"line":83,"column":0},"end":{"line":83,"column":43}},"83":{"start":{"line":84,"column":0},"end":{"line":84,"column":7}},"84":{"start":{"line":85,"column":0},"end":{"line":85,"column":5}},"85":{"start":{"line":86,"column":0},"end":{"line":86,"column":3}},"89":{"start":{"line":90,"column":0},"end":{"line":90,"column":38}},"90":{"start":{"line":91,"column":0},"end":{"line":91,"column":67}},"91":{"start":{"line":92,"column":0},"end":{"line":92,"column":47}},"92":{"start":{"line":93,"column":0},"end":{"line":93,"column":3}},"93":{"start":{"line":94,"column":0},"end":{"line":94,"column":1}},"95":{"start":{"line":96,"column":0},"end":{"line":96,"column":57}}},"s":{"1":1,"2":1,"4":1,"5":1,"7":1,"8":10,"9":10,"11":10,"12":10,"13":10,"16":10,"17":10,"18":10,"21":10,"22":0,"23":0,"24":0,"25":10,"28":10,"29":0,"30":0,"31":0,"32":10,"35":10,"36":0,"37":0,"38":0,"39":10,"40":10,"45":10,"46":4,"47":4,"48":2,"49":1,"50":1,"51":2,"52":4,"53":2,"54":2,"56":1,"57":1,"59":1,"60":1,"61":1,"62":2,"63":4,"64":0,"65":4,"66":4,"71":10,"73":4,"74":1,"75":1,"77":4,"78":1,"79":4,"80":2,"81":2,"82":2,"83":2,"84":2,"85":4,"89":10,"90":1,"91":1,"92":1,"93":10,"95":1},"branchMap":{"0":{"type":"branch","line":8,"loc":{"start":{"line":8,"column":7},"end":{"line":94,"column":1}},"locations":[{"start":{"line":8,"column":7},"end":{"line":94,"column":1}}]},"1":{"type":"branch","line":12,"loc":{"start":{"line":12,"column":2},"end":{"line":41,"column":3}},"locations":[{"start":{"line":12,"column":2},"end":{"line":41,"column":3}}]},"2":{"type":"branch","line":17,"loc":{"start":{"line":17,"column":45},"end":{"line":19,"column":5}},"locations":[{"start":{"line":17,"column":45},"end":{"line":19,"column":5}}]},"3":{"type":"branch","line":46,"loc":{"start":{"line":46,"column":9},"end":{"line":67,"column":3}},"locations":[{"start":{"line":46,"column":9},"end":{"line":67,"column":3}}]},"4":{"type":"branch","line":48,"loc":{"start":{"line":48,"column":6},"end":{"line":52,"column":14}},"locations":[{"start":{"line":48,"column":6},"end":{"line":52,"column":14}}]},"5":{"type":"branch","line":49,"loc":{"start":{"line":49,"column":35},"end":{"line":51,"column":9}},"locations":[{"start":{"line":49,"column":35},"end":{"line":51,"column":9}}]},"6":{"type":"branch","line":53,"loc":{"start":{"line":53,"column":6},"end":{"line":63,"column":14}},"locations":[{"start":{"line":53,"column":6},"end":{"line":63,"column":14}}]},"7":{"type":"branch","line":55,"loc":{"start":{"line":55,"column":35},"end":{"line":62,"column":9}},"locations":[{"start":{"line":55,"column":35},"end":{"line":62,"column":9}}]},"8":{"type":"branch","line":64,"loc":{"start":{"line":64,"column":6},"end":{"line":65,"column":77}},"locations":[{"start":{"line":64,"column":6},"end":{"line":65,"column":77}}]},"9":{"type":"branch","line":72,"loc":{"start":{"line":72,"column":9},"end":{"line":86,"column":3}},"locations":[{"start":{"line":72,"column":9},"end":{"line":86,"column":3}}]},"10":{"type":"branch","line":74,"loc":{"start":{"line":74,"column":32},"end":{"line":76,"column":5}},"locations":[{"start":{"line":74,"column":32},"end":{"line":76,"column":5}}]},"11":{"type":"branch","line":76,"loc":{"start":{"line":76,"column":4},"end":{"line":78,"column":26}},"locations":[{"start":{"line":76,"column":4},"end":{"line":78,"column":26}}]},"12":{"type":"branch","line":78,"loc":{"start":{"line":78,"column":26},"end":{"line":80,"column":11}},"locations":[{"start":{"line":78,"column":26},"end":{"line":80,"column":11}}]},"13":{"type":"branch","line":80,"loc":{"start":{"line":80,"column":4},"end":{"line":85,"column":5}},"locations":[{"start":{"line":80,"column":4},"end":{"line":85,"column":5}}]},"14":{"type":"branch","line":82,"loc":{"start":{"line":82,"column":33},"end":{"line":82,"column":67}},"locations":[{"start":{"line":82,"column":33},"end":{"line":82,"column":67}}]},"15":{"type":"branch","line":90,"loc":{"start":{"line":90,"column":9},"end":{"line":93,"column":3}},"locations":[{"start":{"line":90,"column":9},"end":{"line":93,"column":3}}]},"16":{"type":"branch","line":92,"loc":{"start":{"line":92,"column":18},"end":{"line":92,"column":45}},"locations":[{"start":{"line":92,"column":18},"end":{"line":92,"column":45}}]}},"b":{"0":[10],"1":[10],"2":[10],"3":[4],"4":[2],"5":[1],"6":[2],"7":[1],"8":[0],"9":[4],"10":[1],"11":[3],"12":[1],"13":[2],"14":[1],"15":[1],"16":[1]},"fnMap":{"0":{"name":"<instance_members_initializer>","decl":{"start":{"line":8,"column":7},"end":{"line":94,"column":1}},"loc":{"start":{"line":8,"column":7},"end":{"line":94,"column":1}},"line":8},"1":{"name":"ContentScript","decl":{"start":{"line":12,"column":2},"end":{"line":41,"column":3}},"loc":{"start":{"line":12,"column":2},"end":{"line":41,"column":3}},"line":12},"2":{"name":"handleMessage","decl":{"start":{"line":46,"column":9},"end":{"line":67,"column":3}},"loc":{"start":{"line":46,"column":9},"end":{"line":67,"column":3}},"line":46},"3":{"name":"handleLocationChange","decl":{"start":{"line":72,"column":9},"end":{"line":86,"column":3}},"loc":{"start":{"line":72,"column":9},"end":{"line":86,"column":3}},"line":72},"4":{"name":"removeMLMDetectorElements","decl":{"start":{"line":90,"column":9},"end":{"line":93,"column":3}},"loc":{"start":{"line":90,"column":9},"end":{"line":93,"column":3}},"line":90}},"f":{"0":10,"1":10,"2":4,"3":4,"4":1}}
,"/Users/wh/repos/uol/projects/client-mlm-post-detector/src/popup.ts": {"path":"/Users/wh/repos/uol/projects/client-mlm-post-detector/src/popup.ts","all":false,"statementMap":{"3":{"start":{"line":4,"column":0},"end":{"line":4,"column":68}},"4":{"start":{"line":5,"column":0},"end":{"line":5,"column":32}},"5":{"start":{"line":6,"column":0},"end":{"line":6,"column":43}},"7":{"start":{"line":8,"column":0},"end":{"line":8,"column":50}},"8":{"start":{"line":9,"column":0},"end":{"line":9,"column":29}},"9":{"start":{"line":10,"column":0},"end":{"line":10,"column":12}},"11":{"start":{"line":12,"column":0},"end":{"line":12,"column":60}},"12":{"start":{"line":13,"column":0},"end":{"line":13,"column":54}},"13":{"start":{"line":14,"column":0},"end":{"line":14,"column":35}},"14":{"start":{"line":15,"column":0},"end":{"line":15,"column":9}},"15":{"start":{"line":16,"column":0},"end":{"line":16,"column":5}},"16":{"start":{"line":17,"column":0},"end":{"line":17,"column":3}},"17":{"start":{"line":18,"column":0},"end":{"line":18,"column":3}},"23":{"start":{"line":24,"column":0},"end":{"line":24,"column":68}},"24":{"start":{"line":25,"column":0},"end":{"line":25,"column":53}},"25":{"start":{"line":26,"column":0},"end":{"line":26,"column":67}},"26":{"start":{"line":27,"column":0},"end":{"line":27,"column":47}},"27":{"start":{"line":28,"column":0},"end":{"line":28,"column":16}},"28":{"start":{"line":29,"column":0},"end":{"line":29,"column":25}},"31":{"start":{"line":32,"column":0},"end":{"line":32,"column":22}},"32":{"start":{"line":33,"column":0},"end":{"line":33,"column":48}},"33":{"start":{"line":34,"column":0},"end":{"line":34,"column":12}},"34":{"start":{"line":35,"column":0},"end":{"line":35,"column":19}},"35":{"start":{"line":36,"column":0},"end":{"line":36,"column":13}},"36":{"start":{"line":37,"column":0},"end":{"line":37,"column":19}},"37":{"start":{"line":38,"column":0},"end":{"line":38,"column":3}},"39":{"start":{"line":40,"column":0},"end":{"line":40,"column":21}},"41":{"start":{"line":42,"column":0},"end":{"line":42,"column":75}},"44":{"start":{"line":45,"column":0},"end":{"line":45,"column":27}},"45":{"start":{"line":46,"column":0},"end":{"line":46,"column":51}},"46":{"start":{"line":47,"column":0},"end":{"line":47,"column":48}},"47":{"start":{"line":48,"column":0},"end":{"line":48,"column":12}},"48":{"start":{"line":49,"column":0},"end":{"line":49,"column":51}},"49":{"start":{"line":50,"column":0},"end":{"line":50,"column":48}},"50":{"start":{"line":51,"column":0},"end":{"line":51,"column":5}},"53":{"start":{"line":54,"column":0},"end":{"line":54,"column":72}},"54":{"start":{"line":55,"column":0},"end":{"line":55,"column":15}},"55":{"start":{"line":56,"column":0},"end":{"line":56,"column":29}},"56":{"start":{"line":57,"column":0},"end":{"line":57,"column":47}},"57":{"start":{"line":58,"column":0},"end":{"line":58,"column":44}},"58":{"start":{"line":59,"column":0},"end":{"line":59,"column":14}},"59":{"start":{"line":60,"column":0},"end":{"line":60,"column":47}},"60":{"start":{"line":61,"column":0},"end":{"line":61,"column":44}},"61":{"start":{"line":62,"column":0},"end":{"line":62,"column":7}},"64":{"start":{"line":65,"column":0},"end":{"line":65,"column":62}},"65":{"start":{"line":66,"column":0},"end":{"line":66,"column":61}},"66":{"start":{"line":67,"column":0},"end":{"line":67,"column":30}},"67":{"start":{"line":68,"column":0},"end":{"line":68,"column":31}},"68":{"start":{"line":69,"column":0},"end":{"line":69,"column":45}},"69":{"start":{"line":70,"column":0},"end":{"line":70,"column":50}},"70":{"start":{"line":71,"column":0},"end":{"line":71,"column":46}},"71":{"start":{"line":72,"column":0},"end":{"line":72,"column":47}},"72":{"start":{"line":73,"column":0},"end":{"line":73,"column":16}},"73":{"start":{"line":74,"column":0},"end":{"line":74,"column":47}},"74":{"start":{"line":75,"column":0},"end":{"line":75,"column":48}},"75":{"start":{"line":76,"column":0},"end":{"line":76,"column":44}},"76":{"start":{"line":77,"column":0},"end":{"line":77,"column":49}},"77":{"start":{"line":78,"column":0},"end":{"line":78,"column":9}},"78":{"start":{"line":79,"column":0},"end":{"line":79,"column":7}},"79":{"start":{"line":80,"column":0},"end":{"line":80,"column":5}},"81":{"start":{"line":82,"column":0},"end":{"line":82,"column":22}},"82":{"start":{"line":83,"column":0},"end":{"line":83,"column":61}},"83":{"start":{"line":84,"column":0},"end":{"line":84,"column":5}},"84":{"start":{"line":85,"column":0},"end":{"line":85,"column":3}},"85":{"start":{"line":86,"column":0},"end":{"line":86,"column":1}},"90":{"start":{"line":91,"column":0},"end":{"line":91,"column":34}},"91":{"start":{"line":92,"column":0},"end":{"line":92,"column":56}},"92":{"start":{"line":93,"column":0},"end":{"line":93,"column":47}},"93":{"start":{"line":94,"column":0},"end":{"line":94,"column":30}},"94":{"start":{"line":95,"column":0},"end":{"line":95,"column":55}},"97":{"start":{"line":98,"column":0},"end":{"line":98,"column":72}},"98":{"start":{"line":99,"column":0},"end":{"line":99,"column":24}},"99":{"start":{"line":100,"column":0},"end":{"line":100,"column":45}},"100":{"start":{"line":101,"column":0},"end":{"line":101,"column":34}},"101":{"start":{"line":102,"column":0},"end":{"line":102,"column":31}},"102":{"start":{"line":103,"column":0},"end":{"line":103,"column":11}},"105":{"start":{"line":106,"column":0},"end":{"line":106,"column":47}},"106":{"start":{"line":107,"column":0},"end":{"line":107,"column":67}},"109":{"start":{"line":110,"column":0},"end":{"line":110,"column":40}},"110":{"start":{"line":111,"column":0},"end":{"line":111,"column":7}},"111":{"start":{"line":112,"column":0},"end":{"line":112,"column":7}},"112":{"start":{"line":113,"column":0},"end":{"line":113,"column":5}},"113":{"start":{"line":114,"column":0},"end":{"line":114,"column":1}}},"s":{"3":1,"4":1,"5":1,"7":1,"8":0,"9":1,"11":1,"12":1,"13":1,"14":1,"15":1,"16":1,"17":1,"23":1,"24":4,"25":4,"26":4,"27":4,"28":4,"31":4,"32":3,"33":1,"34":2,"35":1,"36":1,"37":3,"39":4,"41":3,"44":3,"45":1,"46":1,"47":3,"48":2,"49":2,"50":2,"53":3,"54":3,"55":3,"56":1,"57":1,"58":3,"59":2,"60":2,"61":2,"64":3,"65":3,"66":3,"67":3,"68":1,"69":1,"70":1,"71":1,"72":3,"73":2,"74":2,"75":2,"76":2,"77":2,"78":3,"79":3,"81":3,"82":2,"83":2,"84":3,"85":4,"90":1,"91":0,"92":0,"93":0,"94":0,"97":0,"98":0,"99":0,"100":0,"101":0,"102":0,"105":0,"106":0,"109":0,"110":0,"111":0,"112":0,"113":0},"branchMap":{"0":{"type":"branch","line":4,"loc":{"start":{"line":4,"column":57},"end":{"line":18,"column":3}},"locations":[{"start":{"line":4,"column":57},"end":{"line":18,"column":3}}]},"1":{"type":"branch","line":6,"loc":{"start":{"line":6,"column":33},"end":{"line":6,"column":43}},"locations":[{"start":{"line":6,"column":33},"end":{"line":6,"column":43}}]},"2":{"type":"branch","line":8,"loc":{"start":{"line":8,"column":49},"end":{"line":10,"column":11}},"locations":[{"start":{"line":8,"column":49},"end":{"line":10,"column":11}}]},"3":{"type":"branch","line":12,"loc":{"start":{"line":12,"column":47},"end":{"line":15,"column":7}},"locations":[{"start":{"line":12,"column":47},"end":{"line":15,"column":7}}]},"4":{"type":"branch","line":24,"loc":{"start":{"line":24,"column":7},"end":{"line":86,"column":1}},"locations":[{"start":{"line":24,"column":7},"end":{"line":86,"column":1}}]},"5":{"type":"branch","line":25,"loc":{"start":{"line":25,"column":27},"end":{"line":25,"column":53}},"locations":[{"start":{"line":25,"column":27},"end":{"line":25,"column":53}}]},"6":{"type":"branch","line":32,"loc":{"start":{"line":32,"column":21},"end":{"line":38,"column":3}},"locations":[{"start":{"line":32,"column":21},"end":{"line":38,"column":3}}]},"7":{"type":"branch","line":33,"loc":{"start":{"line":33,"column":32},"end":{"line":34,"column":12}},"locations":[{"start":{"line":33,"column":32},"end":{"line":34,"column":12}}]},"8":{"type":"branch","line":34,"loc":{"start":{"line":34,"column":8},"end":{"line":37,"column":19}},"locations":[{"start":{"line":34,"column":8},"end":{"line":37,"column":19}}]},"9":{"type":"branch","line":35,"loc":{"start":{"line":35,"column":8},"end":{"line":36,"column":13}},"locations":[{"start":{"line":35,"column":8},"end":{"line":36,"column":13}}]},"10":{"type":"branch","line":36,"loc":{"start":{"line":36,"column":8},"end":{"line":37,"column":19}},"locations":[{"start":{"line":36,"column":8},"end":{"line":37,"column":19}}]},"11":{"type":"branch","line":40,"loc":{"start":{"line":40,"column":20},"end":{"line":85,"column":3}},"locations":[{"start":{"line":40,"column":20},"end":{"line":85,"column":3}}]},"12":{"type":"branch","line":45,"loc":{"start":{"line":45,"column":26},"end":{"line":48,"column":11}},"locations":[{"start":{"line":45,"column":26},"end":{"line":48,"column":11}}]},"13":{"type":"branch","line":48,"loc":{"start":{"line":48,"column":4},"end":{"line":51,"column":5}},"locations":[{"start":{"line":48,"column":4},"end":{"line":51,"column":5}}]},"14":{"type":"branch","line":56,"loc":{"start":{"line":56,"column":28},"end":{"line":59,"column":13}},"locations":[{"start":{"line":56,"column":28},"end":{"line":59,"column":13}}]},"15":{"type":"branch","line":59,"loc":{"start":{"line":59,"column":6},"end":{"line":62,"column":7}},"locations":[{"start":{"line":59,"column":6},"end":{"line":62,"column":7}}]},"16":{"type":"branch","line":68,"loc":{"start":{"line":68,"column":30},"end":{"line":73,"column":15}},"locations":[{"start":{"line":68,"column":30},"end":{"line":73,"column":15}}]},"17":{"type":"branch","line":73,"loc":{"start":{"line":73,"column":8},"end":{"line":78,"column":9}},"locations":[{"start":{"line":73,"column":8},"end":{"line":78,"column":9}}]},"18":{"type":"branch","line":82,"loc":{"start":{"line":82,"column":21},"end":{"line":84,"column":5}},"locations":[{"start":{"line":82,"column":21},"end":{"line":84,"column":5}}]}},"b":{"0":[1],"1":[0],"2":[0],"3":[1],"4":[4],"5":[1],"6":[3],"7":[1],"8":[2],"9":[1],"10":[1],"11":[3],"12":[1],"13":[2],"14":[1],"15":[2],"16":[1],"17":[2],"18":[2]},"fnMap":{"0":{"name":"updateUI","decl":{"start":{"line":24,"column":7},"end":{"line":86,"column":1}},"loc":{"start":{"line":24,"column":7},"end":{"line":86,"column":1}},"line":24},"1":{"name":"toggleScanning","decl":{"start":{"line":91,"column":7},"end":{"line":114,"column":1}},"loc":{"start":{"line":91,"column":7},"end":{"line":114,"column":1}},"line":91}},"f":{"0":4,"1":0}}
,"/Users/wh/repos/uol/projects/client-mlm-post-detector/src/api/constants.ts": {"path":"/Users/wh/repos/uol/projects/client-mlm-post-detector/src/api/constants.ts","all":false,"statementMap":{"0":{"start":{"line":1,"column":0},"end":{"line":1,"column":74}},"1":{"start":{"line":2,"column":0},"end":{"line":2,"column":77}}},"s":{"0":1,"1":1},"branchMap":{},"b":{},"fnMap":{},"f":{}}
,"/Users/wh/repos/uol/projects/client-mlm-post-detector/src/api/instagramApi.ts": {"path":"/Users/wh/repos/uol/projects/client-mlm-post-detector/src/api/instagramApi.ts","all":false,"statementMap":{"0":{"start":{"line":1,"column":0},"end":{"line":1,"column":70}},"1":{"start":{"line":2,"column":0},"end":{"line":2,"column":32}},"7":{"start":{"line":8,"column":0},"end":{"line":8,"column":51}},"8":{"start":{"line":9,"column":0},"end":{"line":9,"column":37}},"9":{"start":{"line":10,"column":0},"end":{"line":10,"column":9}},"10":{"start":{"line":11,"column":0},"end":{"line":11,"column":66}},"11":{"start":{"line":12,"column":0},"end":{"line":12,"column":4}},"12":{"start":{"line":13,"column":0},"end":{"line":13,"column":20}},"13":{"start":{"line":14,"column":0},"end":{"line":14,"column":1}},"19":{"start":{"line":20,"column":0},"end":{"line":20,"column":45}},"20":{"start":{"line":21,"column":0},"end":{"line":21,"column":21}},"21":{"start":{"line":22,"column":0},"end":{"line":22,"column":14}},"22":{"start":{"line":23,"column":0},"end":{"line":23,"column":34}},"23":{"start":{"line":24,"column":0},"end":{"line":24,"column":29}},"24":{"start":{"line":25,"column":0},"end":{"line":25,"column":27}},"25":{"start":{"line":26,"column":0},"end":{"line":26,"column":4}},"27":{"start":{"line":28,"column":0},"end":{"line":28,"column":47}},"28":{"start":{"line":29,"column":0},"end":{"line":29,"column":29}},"29":{"start":{"line":30,"column":0},"end":{"line":30,"column":38}},"31":{"start":{"line":32,"column":0},"end":{"line":32,"column":7}},"32":{"start":{"line":33,"column":0},"end":{"line":33,"column":52}},"33":{"start":{"line":34,"column":0},"end":{"line":34,"column":21}},"34":{"start":{"line":35,"column":0},"end":{"line":35,"column":16}},"35":{"start":{"line":36,"column":0},"end":{"line":36,"column":60}},"36":{"start":{"line":37,"column":0},"end":{"line":37,"column":8}},"37":{"start":{"line":38,"column":0},"end":{"line":38,"column":17}},"38":{"start":{"line":39,"column":0},"end":{"line":39,"column":7}},"40":{"start":{"line":41,"column":0},"end":{"line":41,"column":23}},"41":{"start":{"line":42,"column":0},"end":{"line":42,"column":64}},"42":{"start":{"line":43,"column":0},"end":{"line":43,"column":5}},"44":{"start":{"line":45,"column":0},"end":{"line":45,"column":41}},"45":{"start":{"line":46,"column":0},"end":{"line":46,"column":29}},"46":{"start":{"line":47,"column":0},"end":{"line":47,"column":15}},"47":{"start":{"line":48,"column":0},"end":{"line":48,"column":43}},"48":{"start":{"line":49,"column":0},"end":{"line":49,"column":21}},"49":{"start":{"line":50,"column":0},"end":{"line":50,"column":40}},"50":{"start":{"line":51,"column":0},"end":{"line":51,"column":7}},"51":{"start":{"line":52,"column":0},"end":{"line":52,"column":5}},"52":{"start":{"line":53,"column":0},"end":{"line":53,"column":52}},"53":{"start":{"line":54,"column":0},"end":{"line":54,"column":19}},"54":{"start":{"line":55,"column":0},"end":{"line":55,"column":55}},"55":{"start":{"line":56,"column":0},"end":{"line":56,"column":16}},"56":{"start":{"line":57,"column":0},"end":{"line":57,"column":3}},"57":{"start":{"line":58,"column":0},"end":{"line":58,"column":1}},"59":{"start":{"line":60,"column":0},"end":{"line":60,"column":29}},"60":{"start":{"line":61,"column":0},"end":{"line":61,"column":12}},"61":{"start":{"line":62,"column":0},"end":{"line":62,"column":2}}},"s":{"0":1,"1":1,"7":2,"8":2,"9":2,"10":2,"11":2,"12":2,"13":2,"19":4,"20":4,"21":4,"22":4,"23":4,"24":4,"25":4,"27":4,"28":4,"29":4,"31":4,"32":4,"33":4,"34":4,"35":4,"36":4,"37":4,"38":4,"40":4,"41":1,"42":1,"44":2,"45":2,"46":2,"47":2,"48":2,"49":1,"50":1,"51":2,"52":1,"53":4,"54":3,"55":3,"56":3,"57":4,"59":1,"60":1,"61":1},"branchMap":{"0":{"type":"branch","line":8,"loc":{"start":{"line":8,"column":0},"end":{"line":14,"column":1}},"locations":[{"start":{"line":8,"column":0},"end":{"line":14,"column":1}}]},"1":{"type":"branch","line":20,"loc":{"start":{"line":20,"column":0},"end":{"line":58,"column":1}},"locations":[{"start":{"line":20,"column":0},"end":{"line":58,"column":1}}]},"2":{"type":"branch","line":39,"loc":{"start":{"line":39,"column":5},"end":{"line":41,"column":22}},"locations":[{"start":{"line":39,"column":5},"end":{"line":41,"column":22}}]},"3":{"type":"branch","line":41,"loc":{"start":{"line":41,"column":22},"end":{"line":43,"column":5}},"locations":[{"start":{"line":41,"column":22},"end":{"line":43,"column":5}}]},"4":{"type":"branch","line":43,"loc":{"start":{"line":43,"column":4},"end":{"line":52,"column":5}},"locations":[{"start":{"line":43,"column":4},"end":{"line":52,"column":5}}]},"5":{"type":"branch","line":49,"loc":{"start":{"line":49,"column":20},"end":{"line":51,"column":7}},"locations":[{"start":{"line":49,"column":20},"end":{"line":51,"column":7}}]},"6":{"type":"branch","line":52,"loc":{"start":{"line":52,"column":4},"end":{"line":54,"column":11}},"locations":[{"start":{"line":52,"column":4},"end":{"line":54,"column":11}}]},"7":{"type":"branch","line":54,"loc":{"start":{"line":54,"column":2},"end":{"line":57,"column":3}},"locations":[{"start":{"line":54,"column":2},"end":{"line":57,"column":3}}]}},"b":{"0":[2],"1":[4],"2":[3],"3":[1],"4":[2],"5":[1],"6":[1],"7":[3]},"fnMap":{"0":{"name":"parsePostData","decl":{"start":{"line":8,"column":0},"end":{"line":14,"column":1}},"loc":{"start":{"line":8,"column":0},"end":{"line":14,"column":1}},"line":8},"1":{"name":"fetchPost","decl":{"start":{"line":20,"column":0},"end":{"line":58,"column":1}},"loc":{"start":{"line":20,"column":0},"end":{"line":58,"column":1}},"line":20}},"f":{"0":2,"1":4}}
,"/Users/wh/repos/uol/projects/client-mlm-post-detector/src/instagram/feed.ts": {"path":"/Users/wh/repos/uol/projects/client-mlm-post-detector/src/instagram/feed.ts","all":false,"statementMap":{"0":{"start":{"line":1,"column":0},"end":{"line":1,"column":51}},"1":{"start":{"line":2,"column":0},"end":{"line":2,"column":61}},"2":{"start":{"line":3,"column":0},"end":{"line":3,"column":59}},"4":{"start":{"line":5,"column":0},"end":{"line":5,"column":51}},"5":{"start":{"line":6,"column":0},"end":{"line":6,"column":67}},"6":{"start":{"line":7,"column":0},"end":{"line":7,"column":53}},"7":{"start":{"line":8,"column":0},"end":{"line":8,"column":73}},"8":{"start":{"line":9,"column":0},"end":{"line":9,"column":41}},"10":{"start":{"line":11,"column":0},"end":{"line":11,"column":36}},"11":{"start":{"line":12,"column":0},"end":{"line":12,"column":55}},"12":{"start":{"line":13,"column":0},"end":{"line":13,"column":61}},"14":{"start":{"line":15,"column":0},"end":{"line":15,"column":18}},"20":{"start":{"line":21,"column":0},"end":{"line":21,"column":27}},"21":{"start":{"line":22,"column":0},"end":{"line":22,"column":28}},"22":{"start":{"line":23,"column":0},"end":{"line":23,"column":32}},"23":{"start":{"line":24,"column":0},"end":{"line":24,"column":13}},"24":{"start":{"line":25,"column":0},"end":{"line":25,"column":5}},"27":{"start":{"line":28,"column":0},"end":{"line":28,"column":59}},"28":{"start":{"line":29,"column":0},"end":{"line":29,"column":24}},"30":{"start":{"line":31,"column":0},"end":{"line":31,"column":80}},"31":{"start":{"line":32,"column":0},"end":{"line":32,"column":48}},"32":{"start":{"line":33,"column":0},"end":{"line":33,"column":24}},"33":{"start":{"line":34,"column":0},"end":{"line":34,"column":22}},"34":{"start":{"line":35,"column":0},"end":{"line":35,"column":9}},"35":{"start":{"line":36,"column":0},"end":{"line":36,"column":13}},"36":{"start":{"line":37,"column":0},"end":{"line":37,"column":5}},"39":{"start":{"line":40,"column":0},"end":{"line":40,"column":56}},"40":{"start":{"line":41,"column":0},"end":{"line":41,"column":28}},"42":{"start":{"line":43,"column":0},"end":{"line":43,"column":80}},"43":{"start":{"line":44,"column":0},"end":{"line":44,"column":48}},"44":{"start":{"line":45,"column":0},"end":{"line":45,"column":24}},"45":{"start":{"line":46,"column":0},"end":{"line":46,"column":22}},"46":{"start":{"line":47,"column":0},"end":{"line":47,"column":9}},"47":{"start":{"line":48,"column":0},"end":{"line":48,"column":12}},"49":{"start":{"line":50,"column":0},"end":{"line":50,"column":80}},"50":{"start":{"line":51,"column":0},"end":{"line":51,"column":51}},"51":{"start":{"line":52,"column":0},"end":{"line":52,"column":24}},"52":{"start":{"line":53,"column":0},"end":{"line":53,"column":22}},"53":{"start":{"line":54,"column":0},"end":{"line":54,"column":9}},"54":{"start":{"line":55,"column":0},"end":{"line":55,"column":5}},"57":{"start":{"line":58,"column":0},"end":{"line":58,"column":30}},"58":{"start":{"line":59,"column":0},"end":{"line":59,"column":3}},"63":{"start":{"line":64,"column":0},"end":{"line":64,"column":26}},"64":{"start":{"line":65,"column":0},"end":{"line":65,"column":28}},"65":{"start":{"line":66,"column":0},"end":{"line":66,"column":37}},"66":{"start":{"line":67,"column":0},"end":{"line":67,"column":31}},"67":{"start":{"line":68,"column":0},"end":{"line":68,"column":5}},"68":{"start":{"line":69,"column":0},"end":{"line":69,"column":35}},"69":{"start":{"line":70,"column":0},"end":{"line":70,"column":3}},"74":{"start":{"line":75,"column":0},"end":{"line":75,"column":32}},"75":{"start":{"line":76,"column":0},"end":{"line":76,"column":58}},"76":{"start":{"line":77,"column":0},"end":{"line":77,"column":35}},"77":{"start":{"line":78,"column":0},"end":{"line":78,"column":48}},"78":{"start":{"line":79,"column":0},"end":{"line":79,"column":40}},"79":{"start":{"line":80,"column":0},"end":{"line":80,"column":8}},"80":{"start":{"line":81,"column":0},"end":{"line":81,"column":68}},"81":{"start":{"line":82,"column":0},"end":{"line":82,"column":61}},"83":{"start":{"line":84,"column":0},"end":{"line":84,"column":22}},"84":{"start":{"line":85,"column":0},"end":{"line":85,"column":67}},"85":{"start":{"line":86,"column":0},"end":{"line":86,"column":43}},"86":{"start":{"line":87,"column":0},"end":{"line":87,"column":80}},"87":{"start":{"line":88,"column":0},"end":{"line":88,"column":72}},"88":{"start":{"line":89,"column":0},"end":{"line":89,"column":9}},"89":{"start":{"line":90,"column":0},"end":{"line":90,"column":14}},"91":{"start":{"line":92,"column":0},"end":{"line":92,"column":62}},"92":{"start":{"line":93,"column":0},"end":{"line":93,"column":7}},"93":{"start":{"line":94,"column":0},"end":{"line":94,"column":7}},"94":{"start":{"line":95,"column":0},"end":{"line":95,"column":3}},"100":{"start":{"line":101,"column":0},"end":{"line":101,"column":40}},"101":{"start":{"line":102,"column":0},"end":{"line":102,"column":25}},"102":{"start":{"line":103,"column":0},"end":{"line":103,"column":21}},"103":{"start":{"line":104,"column":0},"end":{"line":104,"column":5}},"104":{"start":{"line":105,"column":0},"end":{"line":105,"column":63}},"105":{"start":{"line":106,"column":0},"end":{"line":106,"column":18}},"107":{"start":{"line":108,"column":0},"end":{"line":108,"column":10}},"108":{"start":{"line":109,"column":0},"end":{"line":109,"column":53}},"109":{"start":{"line":110,"column":0},"end":{"line":110,"column":38}},"110":{"start":{"line":111,"column":0},"end":{"line":111,"column":9}},"111":{"start":{"line":112,"column":0},"end":{"line":112,"column":72}},"112":{"start":{"line":113,"column":0},"end":{"line":113,"column":15}},"113":{"start":{"line":114,"column":0},"end":{"line":114,"column":7}},"115":{"start":{"line":116,"column":0},"end":{"line":116,"column":13}},"116":{"start":{"line":117,"column":0},"end":{"line":117,"column":5}},"120":{"start":{"line":121,"column":0},"end":{"line":121,"column":41}},"121":{"start":{"line":122,"column":0},"end":{"line":122,"column":39}},"122":{"start":{"line":123,"column":0},"end":{"line":123,"column":12}},"124":{"start":{"line":125,"column":0},"end":{"line":125,"column":75}},"125":{"start":{"line":126,"column":0},"end":{"line":126,"column":5}},"127":{"start":{"line":128,"column":0},"end":{"line":128,"column":42}},"128":{"start":{"line":129,"column":0},"end":{"line":129,"column":3}},"134":{"start":{"line":135,"column":0},"end":{"line":135,"column":54}},"135":{"start":{"line":136,"column":0},"end":{"line":136,"column":60}},"136":{"start":{"line":137,"column":0},"end":{"line":137,"column":44}},"137":{"start":{"line":138,"column":0},"end":{"line":138,"column":60}},"138":{"start":{"line":139,"column":0},"end":{"line":139,"column":27}},"140":{"start":{"line":141,"column":0},"end":{"line":141,"column":41}},"141":{"start":{"line":142,"column":0},"end":{"line":142,"column":48}},"142":{"start":{"line":143,"column":0},"end":{"line":143,"column":13}},"143":{"start":{"line":144,"column":0},"end":{"line":144,"column":5}},"145":{"start":{"line":146,"column":0},"end":{"line":146,"column":47}},"146":{"start":{"line":147,"column":0},"end":{"line":147,"column":27}},"148":{"start":{"line":149,"column":0},"end":{"line":149,"column":9}},"149":{"start":{"line":150,"column":0},"end":{"line":150,"column":62}},"151":{"start":{"line":152,"column":0},"end":{"line":152,"column":33}},"152":{"start":{"line":153,"column":0},"end":{"line":153,"column":9}},"153":{"start":{"line":154,"column":0},"end":{"line":154,"column":26}},"154":{"start":{"line":155,"column":0},"end":{"line":155,"column":45}},"155":{"start":{"line":156,"column":0},"end":{"line":156,"column":10}},"156":{"start":{"line":157,"column":0},"end":{"line":157,"column":23}},"157":{"start":{"line":158,"column":0},"end":{"line":158,"column":53}},"158":{"start":{"line":159,"column":0},"end":{"line":159,"column":34}},"160":{"start":{"line":161,"column":0},"end":{"line":161,"column":44}},"161":{"start":{"line":162,"column":0},"end":{"line":162,"column":47}},"162":{"start":{"line":163,"column":0},"end":{"line":163,"column":30}},"163":{"start":{"line":164,"column":0},"end":{"line":164,"column":15}},"166":{"start":{"line":167,"column":0},"end":{"line":167,"column":54}},"167":{"start":{"line":168,"column":0},"end":{"line":168,"column":18}},"168":{"start":{"line":169,"column":0},"end":{"line":169,"column":71}},"170":{"start":{"line":171,"column":0},"end":{"line":171,"column":46}},"171":{"start":{"line":172,"column":0},"end":{"line":172,"column":36}},"172":{"start":{"line":173,"column":0},"end":{"line":173,"column":11}},"173":{"start":{"line":174,"column":0},"end":{"line":174,"column":9}},"174":{"start":{"line":175,"column":0},"end":{"line":175,"column":8}},"175":{"start":{"line":176,"column":0},"end":{"line":176,"column":21}},"176":{"start":{"line":177,"column":0},"end":{"line":177,"column":26}},"177":{"start":{"line":178,"column":0},"end":{"line":178,"column":47}},"178":{"start":{"line":179,"column":0},"end":{"line":179,"column":30}},"179":{"start":{"line":180,"column":0},"end":{"line":180,"column":5}},"180":{"start":{"line":181,"column":0},"end":{"line":181,"column":3}},"181":{"start":{"line":182,"column":0},"end":{"line":182,"column":1}}},"s":{"0":1,"1":1,"2":1,"4":1,"5":1,"6":1,"7":1,"8":1,"10":1,"11":14,"12":14,"14":14,"20":14,"21":2,"22":0,"23":0,"24":0,"27":2,"28":2,"30":0,"31":0,"32":0,"33":0,"34":0,"35":0,"36":0,"39":2,"40":2,"42":0,"43":0,"44":0,"45":0,"46":0,"47":2,"49":2,"50":2,"51":2,"52":2,"53":2,"54":2,"57":2,"58":2,"63":14,"64":1,"65":1,"66":1,"67":1,"68":1,"69":1,"74":14,"75":14,"76":14,"77":9,"78":9,"79":9,"80":9,"81":9,"83":9,"84":5,"85":5,"86":3,"87":3,"88":3,"89":9,"91":4,"92":4,"93":14,"94":14,"100":14,"101":3,"102":3,"103":3,"104":3,"105":3,"107":2,"108":2,"109":1,"110":2,"111":1,"112":1,"113":1,"115":1,"116":1,"120":3,"121":0,"122":3,"124":1,"125":1,"127":1,"128":3,"134":14,"135":1,"136":1,"137":1,"138":1,"140":1,"141":0,"142":0,"143":0,"145":1,"146":1,"148":1,"149":1,"151":1,"152":1,"153":1,"154":1,"155":1,"156":1,"157":1,"158":1,"160":1,"161":1,"162":1,"163":1,"166":1,"167":1,"168":0,"170":0,"171":0,"172":0,"173":1,"174":1,"175":1,"176":0,"177":0,"178":0,"179":0,"180":1,"181":14},"branchMap":{"0":{"type":"branch","line":11,"loc":{"start":{"line":11,"column":7},"end":{"line":182,"column":1}},"locations":[{"start":{"line":11,"column":7},"end":{"line":182,"column":1}}]},"1":{"type":"branch","line":15,"loc":{"start":{"line":15,"column":2},"end":{"line":15,"column":18}},"locations":[{"start":{"line":15,"column":2},"end":{"line":15,"column":18}}]},"2":{"type":"branch","line":21,"loc":{"start":{"line":21,"column":9},"end":{"line":59,"column":3}},"locations":[{"start":{"line":21,"column":9},"end":{"line":59,"column":3}}]},"3":{"type":"branch","line":22,"loc":{"start":{"line":22,"column":27},"end":{"line":25,"column":5}},"locations":[{"start":{"line":22,"column":27},"end":{"line":25,"column":5}}]},"4":{"type":"branch","line":29,"loc":{"start":{"line":29,"column":23},"end":{"line":37,"column":5}},"locations":[{"start":{"line":29,"column":23},"end":{"line":37,"column":5}}]},"5":{"type":"branch","line":41,"loc":{"start":{"line":41,"column":27},"end":{"line":48,"column":11}},"locations":[{"start":{"line":41,"column":27},"end":{"line":48,"column":11}}]},"6":{"type":"branch","line":50,"loc":{"start":{"line":50,"column":47},"end":{"line":50,"column":78}},"locations":[{"start":{"line":50,"column":47},"end":{"line":50,"column":78}}]},"7":{"type":"branch","line":64,"loc":{"start":{"line":64,"column":9},"end":{"line":70,"column":3}},"locations":[{"start":{"line":64,"column":9},"end":{"line":70,"column":3}}]},"8":{"type":"branch","line":75,"loc":{"start":{"line":75,"column":10},"end":{"line":95,"column":3}},"locations":[{"start":{"line":75,"column":10},"end":{"line":95,"column":3}}]},"9":{"type":"branch","line":77,"loc":{"start":{"line":77,"column":21},"end":{"line":94,"column":5}},"locations":[{"start":{"line":77,"column":21},"end":{"line":94,"column":5}}]},"10":{"type":"branch","line":81,"loc":{"start":{"line":81,"column":26},"end":{"line":81,"column":52}},"locations":[{"start":{"line":81,"column":26},"end":{"line":81,"column":52}}]},"11":{"type":"branch","line":81,"loc":{"start":{"line":81,"column":58},"end":{"line":81,"column":68}},"locations":[{"start":{"line":81,"column":58},"end":{"line":81,"column":68}}]},"12":{"type":"branch","line":84,"loc":{"start":{"line":84,"column":21},"end":{"line":90,"column":13}},"locations":[{"start":{"line":84,"column":21},"end":{"line":90,"column":13}}]},"13":{"type":"branch","line":86,"loc":{"start":{"line":86,"column":42},"end":{"line":89,"column":9}},"locations":[{"start":{"line":86,"column":42},"end":{"line":89,"column":9}}]},"14":{"type":"branch","line":90,"loc":{"start":{"line":90,"column":6},"end":{"line":93,"column":7}},"locations":[{"start":{"line":90,"column":6},"end":{"line":93,"column":7}}]},"15":{"type":"branch","line":101,"loc":{"start":{"line":101,"column":10},"end":{"line":129,"column":3}},"locations":[{"start":{"line":101,"column":10},"end":{"line":129,"column":3}}]},"16":{"type":"branch","line":106,"loc":{"start":{"line":106,"column":17},"end":{"line":117,"column":5}},"locations":[{"start":{"line":106,"column":17},"end":{"line":117,"column":5}}]},"17":{"type":"branch","line":109,"loc":{"start":{"line":109,"column":42},"end":{"line":110,"column":38}},"locations":[{"start":{"line":109,"column":42},"end":{"line":110,"column":38}}]},"18":{"type":"branch","line":111,"loc":{"start":{"line":111,"column":8},"end":{"line":117,"column":5}},"locations":[{"start":{"line":111,"column":8},"end":{"line":117,"column":5}}]},"19":{"type":"branch","line":117,"loc":{"start":{"line":117,"column":4},"end":{"line":121,"column":40}},"locations":[{"start":{"line":117,"column":4},"end":{"line":121,"column":40}}]},"20":{"type":"branch","line":121,"loc":{"start":{"line":121,"column":40},"end":{"line":123,"column":11}},"locations":[{"start":{"line":121,"column":40},"end":{"line":123,"column":11}}]},"21":{"type":"branch","line":123,"loc":{"start":{"line":123,"column":4},"end":{"line":128,"column":42}},"locations":[{"start":{"line":123,"column":4},"end":{"line":128,"column":42}}]},"22":{"type":"branch","line":135,"loc":{"start":{"line":135,"column":2},"end":{"line":181,"column":3}},"locations":[{"start":{"line":135,"column":2},"end":{"line":181,"column":3}}]},"23":{"type":"branch","line":139,"loc":{"start":{"line":139,"column":20},"end":{"line":139,"column":27}},"locations":[{"start":{"line":139,"column":20},"end":{"line":139,"column":27}}]},"24":{"type":"branch","line":141,"loc":{"start":{"line":141,"column":40},"end":{"line":144,"column":5}},"locations":[{"start":{"line":141,"column":40},"end":{"line":144,"column":5}}]},"25":{"type":"branch","line":176,"loc":{"start":{"line":176,"column":4},"end":{"line":180,"column":5}},"locations":[{"start":{"line":176,"column":4},"end":{"line":180,"column":5}}]},"26":{"type":"branch","line":157,"loc":{"start":{"line":157,"column":8},"end":{"line":174,"column":9}},"locations":[{"start":{"line":157,"column":8},"end":{"line":174,"column":9}}]},"27":{"type":"branch","line":168,"loc":{"start":{"line":168,"column":10},"end":{"line":173,"column":11}},"locations":[{"start":{"line":168,"column":10},"end":{"line":173,"column":11}}]}},"b":{"0":[14],"1":[14],"2":[2],"3":[0],"4":[0],"5":[0],"6":[12],"7":[1],"8":[14],"9":[9],"10":[5],"11":[4],"12":[5],"13":[3],"14":[4],"15":[3],"16":[2],"17":[1],"18":[1],"19":[1],"20":[0],"21":[1],"22":[1],"23":[0],"24":[0],"25":[0],"26":[1],"27":[0]},"fnMap":{"0":{"name":"<instance_members_initializer>","decl":{"start":{"line":11,"column":7},"end":{"line":182,"column":1}},"loc":{"start":{"line":11,"column":7},"end":{"line":182,"column":1}},"line":11},"1":{"name":"InstagramFeedObserver","decl":{"start":{"line":15,"column":2},"end":{"line":15,"column":18}},"loc":{"start":{"line":15,"column":2},"end":{"line":15,"column":18}},"line":15},"2":{"name":"startObserving","decl":{"start":{"line":21,"column":9},"end":{"line":59,"column":3}},"loc":{"start":{"line":21,"column":9},"end":{"line":59,"column":3}},"line":21},"3":{"name":"stopObserving","decl":{"start":{"line":64,"column":9},"end":{"line":70,"column":3}},"loc":{"start":{"line":64,"column":9},"end":{"line":70,"column":3}},"line":64},"4":{"name":"processAllArticles","decl":{"start":{"line":75,"column":10},"end":{"line":95,"column":3}},"loc":{"start":{"line":75,"column":10},"end":{"line":95,"column":3}},"line":75},"5":{"name":"addOrUpdateInteractiveElement","decl":{"start":{"line":101,"column":10},"end":{"line":129,"column":3}},"loc":{"start":{"line":101,"column":10},"end":{"line":129,"column":3}},"line":101},"6":{"name":"handleButtonClick","decl":{"start":{"line":135,"column":2},"end":{"line":181,"column":3}},"loc":{"start":{"line":135,"column":2},"end":{"line":181,"column":3}},"line":135}},"f":{"0":14,"1":14,"2":2,"3":1,"4":14,"5":3,"6":1}}
,"/Users/wh/repos/uol/projects/client-mlm-post-detector/src/instagram/post.ts": {"path":"/Users/wh/repos/uol/projects/client-mlm-post-detector/src/instagram/post.ts","all":false,"statementMap":{"0":{"start":{"line":1,"column":0},"end":{"line":1,"column":51}},"2":{"start":{"line":3,"column":0},"end":{"line":3,"column":67}},"3":{"start":{"line":4,"column":0},"end":{"line":4,"column":59}},"4":{"start":{"line":5,"column":0},"end":{"line":5,"column":51}},"5":{"start":{"line":6,"column":0},"end":{"line":6,"column":61}},"7":{"start":{"line":8,"column":0},"end":{"line":8,"column":35}},"8":{"start":{"line":9,"column":0},"end":{"line":9,"column":41}},"9":{"start":{"line":10,"column":0},"end":{"line":10,"column":23}},"10":{"start":{"line":11,"column":0},"end":{"line":11,"column":3}},"15":{"start":{"line":16,"column":0},"end":{"line":16,"column":31}},"16":{"start":{"line":17,"column":0},"end":{"line":17,"column":61}},"18":{"start":{"line":19,"column":0},"end":{"line":19,"column":21}},"19":{"start":{"line":20,"column":0},"end":{"line":20,"column":64}},"20":{"start":{"line":21,"column":0},"end":{"line":21,"column":13}},"21":{"start":{"line":22,"column":0},"end":{"line":22,"column":5}},"23":{"start":{"line":24,"column":0},"end":{"line":24,"column":41}},"24":{"start":{"line":25,"column":0},"end":{"line":25,"column":48}},"25":{"start":{"line":26,"column":0},"end":{"line":26,"column":13}},"26":{"start":{"line":27,"column":0},"end":{"line":27,"column":5}},"28":{"start":{"line":29,"column":0},"end":{"line":29,"column":9}},"29":{"start":{"line":30,"column":0},"end":{"line":30,"column":62}},"30":{"start":{"line":31,"column":0},"end":{"line":31,"column":54}},"32":{"start":{"line":33,"column":0},"end":{"line":33,"column":33}},"33":{"start":{"line":34,"column":0},"end":{"line":34,"column":64}},"34":{"start":{"line":35,"column":0},"end":{"line":35,"column":23}},"35":{"start":{"line":36,"column":0},"end":{"line":36,"column":53}},"37":{"start":{"line":38,"column":0},"end":{"line":38,"column":44}},"38":{"start":{"line":39,"column":0},"end":{"line":39,"column":47}},"39":{"start":{"line":40,"column":0},"end":{"line":40,"column":30}},"40":{"start":{"line":41,"column":0},"end":{"line":41,"column":15}},"41":{"start":{"line":42,"column":0},"end":{"line":42,"column":18}},"42":{"start":{"line":43,"column":0},"end":{"line":43,"column":71}},"43":{"start":{"line":44,"column":0},"end":{"line":44,"column":11}},"44":{"start":{"line":45,"column":0},"end":{"line":45,"column":59}},"45":{"start":{"line":46,"column":0},"end":{"line":46,"column":9}},"46":{"start":{"line":47,"column":0},"end":{"line":47,"column":8}},"47":{"start":{"line":48,"column":0},"end":{"line":48,"column":21}},"48":{"start":{"line":49,"column":0},"end":{"line":49,"column":57}},"49":{"start":{"line":50,"column":0},"end":{"line":50,"column":5}},"50":{"start":{"line":51,"column":0},"end":{"line":51,"column":3}},"54":{"start":{"line":55,"column":0},"end":{"line":55,"column":73}},"55":{"start":{"line":56,"column":0},"end":{"line":56,"column":59}},"56":{"start":{"line":57,"column":0},"end":{"line":57,"column":24}},"57":{"start":{"line":58,"column":0},"end":{"line":58,"column":65}},"58":{"start":{"line":59,"column":0},"end":{"line":59,"column":13}},"59":{"start":{"line":60,"column":0},"end":{"line":60,"column":5}},"61":{"start":{"line":62,"column":0},"end":{"line":62,"column":50}},"63":{"start":{"line":64,"column":0},"end":{"line":64,"column":45}},"64":{"start":{"line":65,"column":0},"end":{"line":65,"column":3}},"65":{"start":{"line":66,"column":0},"end":{"line":66,"column":1}}},"s":{"0":1,"2":1,"3":1,"4":1,"5":1,"7":1,"8":1,"9":3,"10":3,"15":1,"16":3,"18":3,"19":1,"20":1,"21":1,"23":3,"24":1,"25":1,"26":1,"28":1,"29":1,"30":1,"32":1,"33":1,"34":1,"35":1,"37":1,"38":1,"39":1,"40":1,"41":1,"42":0,"43":0,"44":1,"45":1,"46":1,"47":3,"48":0,"49":0,"50":3,"54":1,"55":3,"56":3,"57":0,"58":0,"59":0,"61":3,"63":3,"64":3,"65":1},"branchMap":{"0":{"type":"branch","line":9,"loc":{"start":{"line":9,"column":2},"end":{"line":11,"column":3}},"locations":[{"start":{"line":9,"column":2},"end":{"line":11,"column":3}}]},"1":{"type":"branch","line":16,"loc":{"start":{"line":16,"column":2},"end":{"line":51,"column":3}},"locations":[{"start":{"line":16,"column":2},"end":{"line":51,"column":3}}]},"2":{"type":"branch","line":19,"loc":{"start":{"line":19,"column":20},"end":{"line":22,"column":5}},"locations":[{"start":{"line":19,"column":20},"end":{"line":22,"column":5}}]},"3":{"type":"branch","line":22,"loc":{"start":{"line":22,"column":4},"end":{"line":24,"column":40}},"locations":[{"start":{"line":22,"column":4},"end":{"line":24,"column":40}}]},"4":{"type":"branch","line":24,"loc":{"start":{"line":24,"column":40},"end":{"line":48,"column":13}},"locations":[{"start":{"line":24,"column":40},"end":{"line":48,"column":13}}]},"5":{"type":"branch","line":48,"loc":{"start":{"line":48,"column":4},"end":{"line":50,"column":5}},"locations":[{"start":{"line":48,"column":4},"end":{"line":50,"column":5}}]},"6":{"type":"branch","line":35,"loc":{"start":{"line":35,"column":8},"end":{"line":46,"column":9}},"locations":[{"start":{"line":35,"column":8},"end":{"line":46,"column":9}}]},"7":{"type":"branch","line":42,"loc":{"start":{"line":42,"column":10},"end":{"line":44,"column":11}},"locations":[{"start":{"line":42,"column":10},"end":{"line":44,"column":11}}]},"8":{"type":"branch","line":55,"loc":{"start":{"line":55,"column":10},"end":{"line":65,"column":3}},"locations":[{"start":{"line":55,"column":10},"end":{"line":65,"column":3}}]},"9":{"type":"branch","line":57,"loc":{"start":{"line":57,"column":23},"end":{"line":60,"column":5}},"locations":[{"start":{"line":57,"column":23},"end":{"line":60,"column":5}}]}},"b":{"0":[3],"1":[3],"2":[1],"3":[2],"4":[1],"5":[0],"6":[1],"7":[0],"8":[3],"9":[0]},"fnMap":{"0":{"name":"InstagramPostHandler","decl":{"start":{"line":9,"column":2},"end":{"line":11,"column":3}},"loc":{"start":{"line":9,"column":2},"end":{"line":11,"column":3}},"line":9},"1":{"name":"processPath","decl":{"start":{"line":16,"column":2},"end":{"line":51,"column":3}},"loc":{"start":{"line":16,"column":2},"end":{"line":51,"column":3}},"line":16},"2":{"name":"displayResultBelowArticle","decl":{"start":{"line":55,"column":10},"end":{"line":65,"column":3}},"loc":{"start":{"line":55,"column":10},"end":{"line":65,"column":3}},"line":55}},"f":{"0":3,"1":3,"2":3}}
,"/Users/wh/repos/uol/projects/client-mlm-post-detector/src/utils/addElementToArticle.ts": {"path":"/Users/wh/repos/uol/projects/client-mlm-post-detector/src/utils/addElementToArticle.ts","all":false,"statementMap":{"5":{"start":{"line":6,"column":0},"end":{"line":6,"column":77}},"6":{"start":{"line":7,"column":0},"end":{"line":7,"column":70}},"7":{"start":{"line":8,"column":0},"end":{"line":8,"column":20}},"8":{"start":{"line":9,"column":0},"end":{"line":9,"column":51}},"10":{"start":{"line":11,"column":0},"end":{"line":11,"column":18}},"11":{"start":{"line":12,"column":0},"end":{"line":12,"column":42}},"14":{"start":{"line":15,"column":0},"end":{"line":15,"column":66}},"15":{"start":{"line":16,"column":0},"end":{"line":16,"column":45}},"16":{"start":{"line":17,"column":0},"end":{"line":17,"column":8}},"18":{"start":{"line":19,"column":0},"end":{"line":19,"column":66}},"19":{"start":{"line":20,"column":0},"end":{"line":20,"column":46}},"20":{"start":{"line":21,"column":0},"end":{"line":21,"column":8}},"22":{"start":{"line":23,"column":0},"end":{"line":23,"column":40}},"24":{"start":{"line":25,"column":0},"end":{"line":25,"column":63}},"25":{"start":{"line":26,"column":0},"end":{"line":26,"column":50}},"26":{"start":{"line":27,"column":0},"end":{"line":27,"column":41}},"27":{"start":{"line":28,"column":0},"end":{"line":28,"column":43}},"28":{"start":{"line":29,"column":0},"end":{"line":29,"column":56}},"29":{"start":{"line":30,"column":0},"end":{"line":30,"column":9}},"30":{"start":{"line":31,"column":0},"end":{"line":31,"column":48}},"32":{"start":{"line":33,"column":0},"end":{"line":33,"column":65}},"33":{"start":{"line":34,"column":0},"end":{"line":34,"column":49}},"34":{"start":{"line":35,"column":0},"end":{"line":35,"column":43}},"35":{"start":{"line":36,"column":0},"end":{"line":36,"column":10}},"36":{"start":{"line":37,"column":0},"end":{"line":37,"column":25}},"37":{"start":{"line":38,"column":0},"end":{"line":38,"column":52}},"38":{"start":{"line":39,"column":0},"end":{"line":39,"column":60}},"39":{"start":{"line":40,"column":0},"end":{"line":40,"column":67}},"40":{"start":{"line":41,"column":0},"end":{"line":41,"column":44}},"41":{"start":{"line":42,"column":0},"end":{"line":42,"column":9}},"44":{"start":{"line":45,"column":0},"end":{"line":45,"column":56}},"45":{"start":{"line":46,"column":0},"end":{"line":46,"column":39}},"46":{"start":{"line":47,"column":0},"end":{"line":47,"column":10}},"47":{"start":{"line":48,"column":0},"end":{"line":48,"column":30}},"48":{"start":{"line":49,"column":0},"end":{"line":49,"column":59}},"49":{"start":{"line":50,"column":0},"end":{"line":50,"column":17}},"50":{"start":{"line":51,"column":0},"end":{"line":51,"column":9}},"52":{"start":{"line":53,"column":0},"end":{"line":53,"column":50}},"53":{"start":{"line":54,"column":0},"end":{"line":54,"column":41}},"54":{"start":{"line":55,"column":0},"end":{"line":55,"column":44}},"55":{"start":{"line":56,"column":0},"end":{"line":56,"column":57}},"56":{"start":{"line":57,"column":0},"end":{"line":57,"column":9}},"57":{"start":{"line":58,"column":0},"end":{"line":58,"column":7}},"58":{"start":{"line":59,"column":0},"end":{"line":59,"column":12}},"59":{"start":{"line":60,"column":0},"end":{"line":60,"column":35}},"60":{"start":{"line":61,"column":0},"end":{"line":61,"column":5}},"61":{"start":{"line":62,"column":0},"end":{"line":62,"column":10}},"62":{"start":{"line":63,"column":0},"end":{"line":63,"column":33}},"63":{"start":{"line":64,"column":0},"end":{"line":64,"column":3}},"64":{"start":{"line":65,"column":0},"end":{"line":65,"column":1}}},"s":{"5":1,"6":4,"7":4,"8":3,"10":3,"11":3,"14":3,"15":3,"16":3,"18":3,"19":3,"20":3,"22":3,"24":1,"25":1,"26":1,"27":1,"28":1,"29":1,"30":3,"32":2,"33":2,"34":2,"35":2,"36":2,"37":1,"38":1,"39":1,"40":1,"41":1,"44":2,"45":2,"46":2,"47":2,"48":1,"49":1,"50":1,"52":1,"53":1,"54":1,"55":1,"56":1,"57":2,"58":3,"59":0,"60":0,"61":4,"62":1,"63":1,"64":4},"branchMap":{"0":{"type":"branch","line":6,"loc":{"start":{"line":6,"column":7},"end":{"line":65,"column":1}},"locations":[{"start":{"line":6,"column":7},"end":{"line":65,"column":1}}]},"1":{"type":"branch","line":8,"loc":{"start":{"line":8,"column":19},"end":{"line":62,"column":9}},"locations":[{"start":{"line":8,"column":19},"end":{"line":62,"column":9}}]},"2":{"type":"branch","line":23,"loc":{"start":{"line":23,"column":39},"end":{"line":31,"column":17}},"locations":[{"start":{"line":23,"column":39},"end":{"line":31,"column":17}}]},"3":{"type":"branch","line":31,"loc":{"start":{"line":31,"column":6},"end":{"line":58,"column":7}},"locations":[{"start":{"line":31,"column":6},"end":{"line":58,"column":7}}]},"4":{"type":"branch","line":37,"loc":{"start":{"line":37,"column":24},"end":{"line":42,"column":9}},"locations":[{"start":{"line":37,"column":24},"end":{"line":42,"column":9}}]},"5":{"type":"branch","line":48,"loc":{"start":{"line":48,"column":29},"end":{"line":57,"column":9}},"locations":[{"start":{"line":48,"column":29},"end":{"line":57,"column":9}}]},"6":{"type":"branch","line":59,"loc":{"start":{"line":59,"column":4},"end":{"line":61,"column":5}},"locations":[{"start":{"line":59,"column":4},"end":{"line":61,"column":5}}]},"7":{"type":"branch","line":62,"loc":{"start":{"line":62,"column":2},"end":{"line":64,"column":3}},"locations":[{"start":{"line":62,"column":2},"end":{"line":64,"column":3}}]},"8":{"type":"branch","line":16,"loc":{"start":{"line":16,"column":8},"end":{"line":16,"column":45}},"locations":[{"start":{"line":16,"column":8},"end":{"line":16,"column":45}}]},"9":{"type":"branch","line":20,"loc":{"start":{"line":20,"column":8},"end":{"line":20,"column":46}},"locations":[{"start":{"line":20,"column":8},"end":{"line":20,"column":46}}]}},"b":{"0":[4],"1":[3],"2":[1],"3":[2],"4":[1],"5":[1],"6":[0],"7":[1],"8":[13],"9":[13]},"fnMap":{"0":{"name":"addElementToArticle","decl":{"start":{"line":6,"column":7},"end":{"line":65,"column":1}},"loc":{"start":{"line":6,"column":7},"end":{"line":65,"column":1}},"line":6}},"f":{"0":4}}
,"/Users/wh/repos/uol/projects/client-mlm-post-detector/src/utils/analysisResults.ts": {"path":"/Users/wh/repos/uol/projects/client-mlm-post-detector/src/utils/analysisResults.ts","all":false,"statementMap":{"5":{"start":{"line":6,"column":0},"end":{"line":6,"column":65}}},"s":{"5":1},"branchMap":{},"b":{},"fnMap":{},"f":{}}
,"/Users/wh/repos/uol/projects/client-mlm-post-detector/src/utils/createBadge.ts": {"path":"/Users/wh/repos/uol/projects/client-mlm-post-detector/src/utils/createBadge.ts","all":false,"statementMap":{"0":{"start":{"line":1,"column":0},"end":{"line":1,"column":43}},"1":{"start":{"line":2,"column":0},"end":{"line":2,"column":52}},"2":{"start":{"line":3,"column":0},"end":{"line":3,"column":34}},"3":{"start":{"line":4,"column":0},"end":{"line":4,"column":46}},"9":{"start":{"line":10,"column":0},"end":{"line":10,"column":28}},"10":{"start":{"line":11,"column":0},"end":{"line":11,"column":20}},"11":{"start":{"line":12,"column":0},"end":{"line":12,"column":17}},"12":{"start":{"line":13,"column":0},"end":{"line":13,"column":20}},"13":{"start":{"line":14,"column":0},"end":{"line":14,"column":47}},"14":{"start":{"line":15,"column":0},"end":{"line":15,"column":44}},"15":{"start":{"line":16,"column":0},"end":{"line":16,"column":51}},"16":{"start":{"line":17,"column":0},"end":{"line":17,"column":50}},"18":{"start":{"line":19,"column":0},"end":{"line":19,"column":48}},"20":{"start":{"line":21,"column":0},"end":{"line":21,"column":16}},"21":{"start":{"line":22,"column":0},"end":{"line":22,"column":35}},"22":{"start":{"line":23,"column":0},"end":{"line":23,"column":61}},"23":{"start":{"line":24,"column":0},"end":{"line":24,"column":17}},"24":{"start":{"line":25,"column":0},"end":{"line":25,"column":3}},"26":{"start":{"line":27,"column":0},"end":{"line":27,"column":56}},"27":{"start":{"line":28,"column":0},"end":{"line":28,"column":57}},"29":{"start":{"line":30,"column":0},"end":{"line":30,"column":43}},"30":{"start":{"line":31,"column":0},"end":{"line":31,"column":36}},"31":{"start":{"line":32,"column":0},"end":{"line":32,"column":68}},"32":{"start":{"line":33,"column":0},"end":{"line":33,"column":3}},"34":{"start":{"line":35,"column":0},"end":{"line":35,"column":47}},"35":{"start":{"line":36,"column":0},"end":{"line":36,"column":40}},"36":{"start":{"line":37,"column":0},"end":{"line":37,"column":72}},"37":{"start":{"line":38,"column":0},"end":{"line":38,"column":3}},"40":{"start":{"line":41,"column":0},"end":{"line":41,"column":76}},"41":{"start":{"line":42,"column":0},"end":{"line":42,"column":44}},"42":{"start":{"line":43,"column":0},"end":{"line":43,"column":3}},"44":{"start":{"line":45,"column":0},"end":{"line":45,"column":15}},"45":{"start":{"line":46,"column":0},"end":{"line":46,"column":1}}},"s":{"0":1,"1":1,"2":1,"3":1,"9":1,"10":6,"11":6,"12":6,"13":6,"14":6,"15":6,"16":6,"18":6,"20":6,"21":2,"22":2,"23":2,"24":2,"26":4,"27":4,"29":6,"30":3,"31":3,"32":3,"34":6,"35":1,"36":1,"37":1,"40":6,"41":1,"42":1,"44":4,"45":4},"branchMap":{"0":{"type":"branch","line":10,"loc":{"start":{"line":10,"column":7},"end":{"line":46,"column":1}},"locations":[{"start":{"line":10,"column":7},"end":{"line":46,"column":1}}]},"1":{"type":"branch","line":21,"loc":{"start":{"line":21,"column":15},"end":{"line":25,"column":3}},"locations":[{"start":{"line":21,"column":15},"end":{"line":25,"column":3}}]},"2":{"type":"branch","line":23,"loc":{"start":{"line":23,"column":24},"end":{"line":23,"column":51}},"locations":[{"start":{"line":23,"column":24},"end":{"line":23,"column":51}}]},"3":{"type":"branch","line":23,"loc":{"start":{"line":23,"column":34},"end":{"line":23,"column":61}},"locations":[{"start":{"line":23,"column":34},"end":{"line":23,"column":61}}]},"4":{"type":"branch","line":25,"loc":{"start":{"line":25,"column":2},"end":{"line":30,"column":42}},"locations":[{"start":{"line":25,"column":2},"end":{"line":30,"column":42}}]},"5":{"type":"branch","line":30,"loc":{"start":{"line":30,"column":42},"end":{"line":33,"column":3}},"locations":[{"start":{"line":30,"column":42},"end":{"line":33,"column":3}}]},"6":{"type":"branch","line":33,"loc":{"start":{"line":33,"column":2},"end":{"line":35,"column":46}},"locations":[{"start":{"line":33,"column":2},"end":{"line":35,"column":46}}]},"7":{"type":"branch","line":35,"loc":{"start":{"line":35,"column":46},"end":{"line":38,"column":3}},"locations":[{"start":{"line":35,"column":46},"end":{"line":38,"column":3}}]},"8":{"type":"branch","line":38,"loc":{"start":{"line":38,"column":2},"end":{"line":41,"column":21}},"locations":[{"start":{"line":38,"column":2},"end":{"line":41,"column":21}}]},"9":{"type":"branch","line":41,"loc":{"start":{"line":41,"column":6},"end":{"line":41,"column":51}},"locations":[{"start":{"line":41,"column":6},"end":{"line":41,"column":51}}]},"10":{"type":"branch","line":41,"loc":{"start":{"line":41,"column":46},"end":{"line":41,"column":75}},"locations":[{"start":{"line":41,"column":46},"end":{"line":41,"column":75}}]},"11":{"type":"branch","line":41,"loc":{"start":{"line":41,"column":75},"end":{"line":43,"column":3}},"locations":[{"start":{"line":41,"column":75},"end":{"line":43,"column":3}}]},"12":{"type":"branch","line":43,"loc":{"start":{"line":43,"column":2},"end":{"line":46,"column":1}},"locations":[{"start":{"line":43,"column":2},"end":{"line":46,"column":1}}]}},"b":{"0":[6],"1":[2],"2":[1],"3":[1],"4":[4],"5":[3],"6":[4],"7":[1],"8":[4],"9":[2],"10":[2],"11":[1],"12":[4]},"fnMap":{"0":{"name":"createBadge","decl":{"start":{"line":10,"column":7},"end":{"line":46,"column":1}},"loc":{"start":{"line":10,"column":7},"end":{"line":46,"column":1}},"line":10}},"f":{"0":6}}
,"/Users/wh/repos/uol/projects/client-mlm-post-detector/src/utils/createButton.ts": {"path":"/Users/wh/repos/uol/projects/client-mlm-post-detector/src/utils/createButton.ts","all":false,"statementMap":{"0":{"start":{"line":1,"column":0},"end":{"line":1,"column":34}},"8":{"start":{"line":9,"column":0},"end":{"line":9,"column":29}},"9":{"start":{"line":10,"column":0},"end":{"line":10,"column":20}},"10":{"start":{"line":11,"column":0},"end":{"line":11,"column":38}},"11":{"start":{"line":12,"column":0},"end":{"line":12,"column":3}},"12":{"start":{"line":13,"column":0},"end":{"line":13,"column":50}},"13":{"start":{"line":14,"column":0},"end":{"line":14,"column":45}},"14":{"start":{"line":15,"column":0},"end":{"line":15,"column":46}},"15":{"start":{"line":16,"column":0},"end":{"line":16,"column":53}},"16":{"start":{"line":17,"column":0},"end":{"line":17,"column":51}},"17":{"start":{"line":18,"column":0},"end":{"line":18,"column":44}},"19":{"start":{"line":20,"column":0},"end":{"line":20,"column":16}},"20":{"start":{"line":21,"column":0},"end":{"line":21,"column":1}}},"s":{"0":1,"8":1,"9":2,"10":2,"11":2,"12":2,"13":2,"14":2,"15":2,"16":2,"17":2,"19":2,"20":2},"branchMap":{"0":{"type":"branch","line":9,"loc":{"start":{"line":9,"column":7},"end":{"line":21,"column":1}},"locations":[{"start":{"line":9,"column":7},"end":{"line":21,"column":1}}]}},"b":{"0":[2]},"fnMap":{"0":{"name":"createButton","decl":{"start":{"line":9,"column":7},"end":{"line":21,"column":1}},"loc":{"start":{"line":9,"column":7},"end":{"line":21,"column":1}},"line":9}},"f":{"0":2}}
,"/Users/wh/repos/uol/projects/client-mlm-post-detector/src/utils/injectCSS.ts": {"path":"/Users/wh/repos/uol/projects/client-mlm-post-detector/src/utils/injectCSS.ts","all":false,"statementMap":{"4":{"start":{"line":5,"column":0},"end":{"line":5,"column":29}},"5":{"start":{"line":6,"column":0},"end":{"line":6,"column":44}},"6":{"start":{"line":7,"column":0},"end":{"line":7,"column":30}},"7":{"start":{"line":8,"column":0},"end":{"line":8,"column":24}},"9":{"start":{"line":10,"column":0},"end":{"line":10,"column":47}},"12":{"start":{"line":13,"column":0},"end":{"line":13,"column":32}},"13":{"start":{"line":14,"column":0},"end":{"line":14,"column":84}},"14":{"start":{"line":15,"column":0},"end":{"line":15,"column":32}},"16":{"start":{"line":17,"column":0},"end":{"line":17,"column":40}},"17":{"start":{"line":18,"column":0},"end":{"line":18,"column":39}},"18":{"start":{"line":19,"column":0},"end":{"line":19,"column":11}},"20":{"start":{"line":21,"column":0},"end":{"line":21,"column":60}},"21":{"start":{"line":22,"column":0},"end":{"line":22,"column":9}},"22":{"start":{"line":23,"column":0},"end":{"line":23,"column":8}},"25":{"start":{"line":26,"column":0},"end":{"line":26,"column":52}},"26":{"start":{"line":27,"column":0},"end":{"line":27,"column":34}},"27":{"start":{"line":28,"column":0},"end":{"line":28,"column":65}},"28":{"start":{"line":29,"column":0},"end":{"line":29,"column":39}},"29":{"start":{"line":30,"column":0},"end":{"line":30,"column":6}},"30":{"start":{"line":31,"column":0},"end":{"line":31,"column":64}},"31":{"start":{"line":32,"column":0},"end":{"line":32,"column":1}}},"s":{"4":1,"5":1,"6":1,"7":1,"9":1,"12":1,"13":1,"14":1,"16":1,"17":1,"18":1,"20":1,"21":1,"22":1,"25":1,"26":1,"27":1,"28":1,"29":1,"30":1,"31":1},"branchMap":{"0":{"type":"branch","line":5,"loc":{"start":{"line":5,"column":7},"end":{"line":32,"column":1}},"locations":[{"start":{"line":5,"column":7},"end":{"line":32,"column":1}}]},"1":{"type":"branch","line":7,"loc":{"start":{"line":7,"column":10},"end":{"line":7,"column":29}},"locations":[{"start":{"line":7,"column":10},"end":{"line":7,"column":29}}]},"2":{"type":"branch","line":8,"loc":{"start":{"line":8,"column":10},"end":{"line":30,"column":5}},"locations":[{"start":{"line":8,"column":10},"end":{"line":30,"column":5}}]},"3":{"type":"branch","line":15,"loc":{"start":{"line":15,"column":8},"end":{"line":22,"column":9}},"locations":[{"start":{"line":15,"column":8},"end":{"line":22,"column":9}}]}},"b":{"0":[1],"1":[1],"2":[1],"3":[1]},"fnMap":{"0":{"name":"injectCSS","decl":{"start":{"line":5,"column":7},"end":{"line":32,"column":1}},"loc":{"start":{"line":5,"column":7},"end":{"line":32,"column":1}},"line":5}},"f":{"0":1}}
,"/Users/wh/repos/uol/projects/client-mlm-post-detector/src/utils/injectNavigateScript.ts": {"path":"/Users/wh/repos/uol/projects/client-mlm-post-detector/src/utils/injectNavigateScript.ts","all":false,"statementMap":{"3":{"start":{"line":4,"column":0},"end":{"line":4,"column":40}},"4":{"start":{"line":5,"column":0},"end":{"line":5,"column":50}},"5":{"start":{"line":6,"column":0},"end":{"line":6,"column":52}},"6":{"start":{"line":7,"column":0},"end":{"line":7,"column":63}},"7":{"start":{"line":8,"column":0},"end":{"line":8,"column":66}},"8":{"start":{"line":9,"column":0},"end":{"line":9,"column":1}}},"s":{"3":1,"4":1,"5":1,"6":1,"7":1,"8":1},"branchMap":{"0":{"type":"branch","line":4,"loc":{"start":{"line":4,"column":7},"end":{"line":9,"column":1}},"locations":[{"start":{"line":4,"column":7},"end":{"line":9,"column":1}}]},"1":{"type":"branch","line":8,"loc":{"start":{"line":8,"column":12},"end":{"line":8,"column":46}},"locations":[{"start":{"line":8,"column":12},"end":{"line":8,"column":46}}]}},"b":{"0":[1],"1":[0]},"fnMap":{"0":{"name":"injectNavigateScript","decl":{"start":{"line":4,"column":7},"end":{"line":9,"column":1}},"loc":{"start":{"line":4,"column":7},"end":{"line":9,"column":1}},"line":4}},"f":{"0":1}}
,"/Users/wh/repos/uol/projects/client-mlm-post-detector/src/utils/labels.ts": {"path":"/Users/wh/repos/uol/projects/client-mlm-post-detector/src/utils/labels.ts","all":false,"statementMap":{"0":{"start":{"line":1,"column":0},"end":{"line":1,"column":23}},"1":{"start":{"line":2,"column":0},"end":{"line":2,"column":10}},"2":{"start":{"line":3,"column":0},"end":{"line":3,"column":23}},"3":{"start":{"line":4,"column":0},"end":{"line":4,"column":31}},"4":{"start":{"line":5,"column":0},"end":{"line":5,"column":4}},"5":{"start":{"line":6,"column":0},"end":{"line":6,"column":11}},"6":{"start":{"line":7,"column":0},"end":{"line":7,"column":28}},"7":{"start":{"line":8,"column":0},"end":{"line":8,"column":28}},"8":{"start":{"line":9,"column":0},"end":{"line":9,"column":29}},"9":{"start":{"line":10,"column":0},"end":{"line":10,"column":4}},"10":{"start":{"line":11,"column":0},"end":{"line":11,"column":2}}},"s":{"0":1,"1":1,"2":1,"3":1,"4":1,"5":1,"6":1,"7":1,"8":1,"9":1,"10":1},"branchMap":{},"b":{},"fnMap":{},"f":{}}
,"/Users/wh/repos/uol/projects/client-mlm-post-detector/src/utils/replaceButtonWithBadge.ts": {"path":"/Users/wh/repos/uol/projects/client-mlm-post-detector/src/utils/replaceButtonWithBadge.ts","all":false,"statementMap":{"0":{"start":{"line":1,"column":0},"end":{"line":1,"column":44}},"7":{"start":{"line":8,"column":0},"end":{"line":8,"column":39}},"8":{"start":{"line":9,"column":0},"end":{"line":9,"column":28}},"9":{"start":{"line":10,"column":0},"end":{"line":10,"column":19}},"10":{"start":{"line":11,"column":0},"end":{"line":11,"column":3}},"11":{"start":{"line":12,"column":0},"end":{"line":12,"column":39}},"14":{"start":{"line":15,"column":0},"end":{"line":15,"column":50}},"17":{"start":{"line":18,"column":0},"end":{"line":18,"column":52}},"18":{"start":{"line":19,"column":0},"end":{"line":19,"column":1}}},"s":{"0":1,"7":1,"8":1,"9":1,"10":1,"11":1,"14":1,"17":1,"18":1},"branchMap":{"0":{"type":"branch","line":8,"loc":{"start":{"line":8,"column":7},"end":{"line":19,"column":1}},"locations":[{"start":{"line":8,"column":7},"end":{"line":19,"column":1}}]}},"b":{"0":[1]},"fnMap":{"0":{"name":"replaceButtonWithBadge","decl":{"start":{"line":8,"column":7},"end":{"line":19,"column":1}},"loc":{"start":{"line":8,"column":7},"end":{"line":19,"column":1}},"line":8}},"f":{"0":1}}
,"/Users/wh/repos/uol/projects/client-mlm-post-detector/src/utils/shapPopover.ts": {"path":"/Users/wh/repos/uol/projects/client-mlm-post-detector/src/utils/shapPopover.ts","all":false,"statementMap":{"0":{"start":{"line":1,"column":0},"end":{"line":1,"column":33}},"1":{"start":{"line":2,"column":0},"end":{"line":2,"column":35}},"2":{"start":{"line":3,"column":0},"end":{"line":3,"column":50}},"3":{"start":{"line":4,"column":0},"end":{"line":4,"column":54}},"4":{"start":{"line":5,"column":0},"end":{"line":5,"column":68}},"15":{"start":{"line":16,"column":0},"end":{"line":16,"column":30}},"16":{"start":{"line":17,"column":0},"end":{"line":17,"column":20}},"17":{"start":{"line":18,"column":0},"end":{"line":18,"column":21}},"18":{"start":{"line":19,"column":0},"end":{"line":19,"column":24}},"19":{"start":{"line":20,"column":0},"end":{"line":20,"column":3}},"20":{"start":{"line":21,"column":0},"end":{"line":21,"column":33}},"22":{"start":{"line":23,"column":0},"end":{"line":23,"column":68}},"23":{"start":{"line":24,"column":0},"end":{"line":24,"column":31}},"24":{"start":{"line":25,"column":0},"end":{"line":25,"column":7}},"25":{"start":{"line":26,"column":0},"end":{"line":26,"column":25}},"26":{"start":{"line":27,"column":0},"end":{"line":27,"column":24}},"27":{"start":{"line":28,"column":0},"end":{"line":28,"column":8}},"28":{"start":{"line":29,"column":0},"end":{"line":29,"column":22}},"30":{"start":{"line":31,"column":0},"end":{"line":31,"column":70}},"33":{"start":{"line":34,"column":0},"end":{"line":34,"column":64}},"34":{"start":{"line":35,"column":0},"end":{"line":35,"column":31}},"35":{"start":{"line":36,"column":0},"end":{"line":36,"column":10}},"36":{"start":{"line":37,"column":0},"end":{"line":37,"column":32}},"37":{"start":{"line":38,"column":0},"end":{"line":38,"column":39}},"38":{"start":{"line":39,"column":0},"end":{"line":39,"column":85}},"39":{"start":{"line":40,"column":0},"end":{"line":40,"column":9}},"40":{"start":{"line":41,"column":0},"end":{"line":41,"column":7}},"41":{"start":{"line":42,"column":0},"end":{"line":42,"column":6}},"42":{"start":{"line":43,"column":0},"end":{"line":43,"column":4}},"44":{"start":{"line":45,"column":0},"end":{"line":45,"column":16}},"45":{"start":{"line":46,"column":0},"end":{"line":46,"column":42}},"46":{"start":{"line":47,"column":0},"end":{"line":47,"column":20}},"47":{"start":{"line":48,"column":0},"end":{"line":48,"column":22}},"48":{"start":{"line":49,"column":0},"end":{"line":49,"column":21}},"49":{"start":{"line":50,"column":0},"end":{"line":50,"column":19}},"50":{"start":{"line":51,"column":0},"end":{"line":51,"column":37}},"51":{"start":{"line":52,"column":0},"end":{"line":52,"column":23}},"52":{"start":{"line":53,"column":0},"end":{"line":53,"column":59}},"53":{"start":{"line":54,"column":0},"end":{"line":54,"column":36}},"54":{"start":{"line":55,"column":0},"end":{"line":55,"column":8}},"55":{"start":{"line":56,"column":0},"end":{"line":56,"column":27}},"56":{"start":{"line":57,"column":0},"end":{"line":57,"column":40}},"57":{"start":{"line":58,"column":0},"end":{"line":58,"column":18}},"58":{"start":{"line":59,"column":0},"end":{"line":59,"column":17}},"59":{"start":{"line":60,"column":0},"end":{"line":60,"column":48}},"60":{"start":{"line":61,"column":0},"end":{"line":61,"column":12}},"61":{"start":{"line":62,"column":0},"end":{"line":62,"column":24}},"62":{"start":{"line":63,"column":0},"end":{"line":63,"column":10}},"63":{"start":{"line":64,"column":0},"end":{"line":64,"column":7}},"64":{"start":{"line":65,"column":0},"end":{"line":65,"column":6}},"65":{"start":{"line":66,"column":0},"end":{"line":66,"column":5}},"66":{"start":{"line":67,"column":0},"end":{"line":67,"column":1}},"68":{"start":{"line":69,"column":0},"end":{"line":69,"column":62}},"69":{"start":{"line":70,"column":0},"end":{"line":70,"column":67}},"71":{"start":{"line":72,"column":0},"end":{"line":72,"column":22}},"72":{"start":{"line":73,"column":0},"end":{"line":73,"column":73}},"75":{"start":{"line":76,"column":0},"end":{"line":76,"column":17}},"79":{"start":{"line":80,"column":0},"end":{"line":80,"column":90}},"88":{"start":{"line":89,"column":0},"end":{"line":89,"column":45}},"89":{"start":{"line":90,"column":0},"end":{"line":90,"column":53}},"90":{"start":{"line":91,"column":0},"end":{"line":91,"column":83}},"91":{"start":{"line":92,"column":0},"end":{"line":92,"column":5}},"93":{"start":{"line":94,"column":0},"end":{"line":94,"column":14}},"98":{"start":{"line":99,"column":0},"end":{"line":99,"column":17}},"99":{"start":{"line":100,"column":0},"end":{"line":100,"column":88}},"100":{"start":{"line":101,"column":0},"end":{"line":101,"column":10}},"101":{"start":{"line":102,"column":0},"end":{"line":102,"column":16}},"104":{"start":{"line":105,"column":0},"end":{"line":105,"column":3}},"105":{"start":{"line":106,"column":0},"end":{"line":106,"column":14}},"109":{"start":{"line":110,"column":0},"end":{"line":110,"column":17}},"110":{"start":{"line":111,"column":0},"end":{"line":111,"column":1}},"120":{"start":{"line":121,"column":0},"end":{"line":121,"column":58}},"121":{"start":{"line":122,"column":0},"end":{"line":122,"column":25}},"122":{"start":{"line":123,"column":0},"end":{"line":123,"column":19}},"124":{"start":{"line":125,"column":0},"end":{"line":125,"column":17}},"126":{"start":{"line":127,"column":0},"end":{"line":127,"column":22}},"127":{"start":{"line":128,"column":0},"end":{"line":128,"column":32}},"128":{"start":{"line":129,"column":0},"end":{"line":129,"column":28}},"129":{"start":{"line":130,"column":0},"end":{"line":130,"column":12}},"130":{"start":{"line":131,"column":0},"end":{"line":131,"column":23}},"131":{"start":{"line":132,"column":0},"end":{"line":132,"column":32}},"132":{"start":{"line":133,"column":0},"end":{"line":133,"column":28}},"133":{"start":{"line":134,"column":0},"end":{"line":134,"column":12}},"134":{"start":{"line":135,"column":0},"end":{"line":135,"column":23}},"135":{"start":{"line":136,"column":0},"end":{"line":136,"column":32}},"136":{"start":{"line":137,"column":0},"end":{"line":137,"column":28}},"137":{"start":{"line":138,"column":0},"end":{"line":138,"column":12}},"139":{"start":{"line":140,"column":0},"end":{"line":140,"column":23}},"140":{"start":{"line":141,"column":0},"end":{"line":141,"column":36}},"141":{"start":{"line":142,"column":0},"end":{"line":142,"column":29}},"142":{"start":{"line":143,"column":0},"end":{"line":143,"column":12}},"143":{"start":{"line":144,"column":0},"end":{"line":144,"column":24}},"144":{"start":{"line":145,"column":0},"end":{"line":145,"column":32}},"145":{"start":{"line":146,"column":0},"end":{"line":146,"column":28}},"146":{"start":{"line":147,"column":0},"end":{"line":147,"column":12}},"147":{"start":{"line":148,"column":0},"end":{"line":148,"column":23}},"148":{"start":{"line":149,"column":0},"end":{"line":149,"column":32}},"149":{"start":{"line":150,"column":0},"end":{"line":150,"column":28}},"150":{"start":{"line":151,"column":0},"end":{"line":151,"column":12}},"152":{"start":{"line":153,"column":0},"end":{"line":153,"column":12}},"153":{"start":{"line":154,"column":0},"end":{"line":154,"column":32}},"154":{"start":{"line":155,"column":0},"end":{"line":155,"column":28}},"155":{"start":{"line":156,"column":0},"end":{"line":156,"column":3}},"157":{"start":{"line":158,"column":0},"end":{"line":158,"column":41}},"158":{"start":{"line":159,"column":0},"end":{"line":159,"column":1}}},"s":{"0":1,"1":1,"2":1,"3":1,"4":1,"15":1,"16":2,"17":2,"18":2,"19":2,"20":2,"22":2,"23":1,"24":1,"25":1,"26":1,"27":1,"28":1,"30":1,"33":1,"34":1,"35":1,"36":1,"37":1,"38":1,"39":1,"40":1,"41":1,"42":1,"44":2,"45":2,"46":2,"47":2,"48":2,"49":2,"50":2,"51":2,"52":1,"53":1,"54":1,"55":1,"56":1,"57":1,"58":1,"59":1,"60":1,"61":1,"62":1,"63":1,"64":1,"65":2,"66":2,"68":1,"69":4,"71":4,"72":4,"75":4,"79":4,"88":4,"89":4,"90":4,"91":4,"93":4,"98":4,"99":1,"100":4,"101":3,"104":3,"105":4,"109":4,"110":4,"120":1,"121":11,"122":11,"124":11,"126":11,"127":2,"128":2,"129":2,"130":11,"131":1,"132":1,"133":1,"134":11,"135":4,"136":4,"137":4,"139":11,"140":1,"141":1,"142":1,"143":11,"144":1,"145":1,"146":1,"147":11,"148":1,"149":1,"150":1,"152":11,"153":1,"154":1,"155":11,"157":11,"158":11},"branchMap":{"0":{"type":"branch","line":16,"loc":{"start":{"line":16,"column":7},"end":{"line":67,"column":1}},"locations":[{"start":{"line":16,"column":7},"end":{"line":67,"column":1}}]},"1":{"type":"branch","line":23,"loc":{"start":{"line":23,"column":36},"end":{"line":43,"column":4}},"locations":[{"start":{"line":23,"column":36},"end":{"line":43,"column":4}}]},"2":{"type":"branch","line":29,"loc":{"start":{"line":29,"column":6},"end":{"line":41,"column":7}},"locations":[{"start":{"line":29,"column":6},"end":{"line":41,"column":7}}]},"3":{"type":"branch","line":52,"loc":{"start":{"line":52,"column":4},"end":{"line":65,"column":6}},"locations":[{"start":{"line":52,"column":4},"end":{"line":65,"column":6}}]},"4":{"type":"branch","line":59,"loc":{"start":{"line":59,"column":10},"end":{"line":61,"column":12}},"locations":[{"start":{"line":59,"column":10},"end":{"line":61,"column":12}}]},"5":{"type":"branch","line":69,"loc":{"start":{"line":69,"column":7},"end":{"line":111,"column":1}},"locations":[{"start":{"line":69,"column":7},"end":{"line":111,"column":1}}]},"6":{"type":"branch","line":73,"loc":{"start":{"line":73,"column":41},"end":{"line":73,"column":73}},"locations":[{"start":{"line":73,"column":41},"end":{"line":73,"column":73}}]},"7":{"type":"branch","line":99,"loc":{"start":{"line":99,"column":16},"end":{"line":101,"column":9}},"locations":[{"start":{"line":99,"column":16},"end":{"line":101,"column":9}}]},"8":{"type":"branch","line":101,"loc":{"start":{"line":101,"column":2},"end":{"line":105,"column":3}},"locations":[{"start":{"line":101,"column":2},"end":{"line":105,"column":3}}]},"9":{"type":"branch","line":89,"loc":{"start":{"line":89,"column":23},"end":{"line":92,"column":3}},"locations":[{"start":{"line":89,"column":23},"end":{"line":92,"column":3}}]},"10":{"type":"branch","line":121,"loc":{"start":{"line":121,"column":7},"end":{"line":159,"column":1}},"locations":[{"start":{"line":121,"column":7},"end":{"line":159,"column":1}}]},"11":{"type":"branch","line":127,"loc":{"start":{"line":127,"column":4},"end":{"line":130,"column":12}},"locations":[{"start":{"line":127,"column":4},"end":{"line":130,"column":12}}]},"12":{"type":"branch","line":131,"loc":{"start":{"line":131,"column":4},"end":{"line":134,"column":12}},"locations":[{"start":{"line":131,"column":4},"end":{"line":134,"column":12}}]},"13":{"type":"branch","line":135,"loc":{"start":{"line":135,"column":4},"end":{"line":138,"column":12}},"locations":[{"start":{"line":135,"column":4},"end":{"line":138,"column":12}}]},"14":{"type":"branch","line":140,"loc":{"start":{"line":140,"column":4},"end":{"line":143,"column":12}},"locations":[{"start":{"line":140,"column":4},"end":{"line":143,"column":12}}]},"15":{"type":"branch","line":144,"loc":{"start":{"line":144,"column":4},"end":{"line":147,"column":12}},"locations":[{"start":{"line":144,"column":4},"end":{"line":147,"column":12}}]},"16":{"type":"branch","line":148,"loc":{"start":{"line":148,"column":4},"end":{"line":151,"column":12}},"locations":[{"start":{"line":148,"column":4},"end":{"line":151,"column":12}}]},"17":{"type":"branch","line":153,"loc":{"start":{"line":153,"column":4},"end":{"line":155,"column":28}},"locations":[{"start":{"line":153,"column":4},"end":{"line":155,"column":28}}]}},"b":{"0":[2],"1":[1],"2":[1],"3":[1],"4":[1],"5":[4],"6":[0],"7":[1],"8":[3],"9":[4],"10":[11],"11":[2],"12":[1],"13":[4],"14":[1],"15":[1],"16":[1],"17":[1]},"fnMap":{"0":{"name":"attachPopover","decl":{"start":{"line":16,"column":7},"end":{"line":67,"column":1}},"loc":{"start":{"line":16,"column":7},"end":{"line":67,"column":1}},"line":16},"1":{"name":"handleDisagreeButtonClick","decl":{"start":{"line":23,"column":36},"end":{"line":43,"column":4}},"loc":{"start":{"line":23,"column":36},"end":{"line":43,"column":4}},"line":23},"2":{"name":"onShown","decl":{"start":{"line":52,"column":4},"end":{"line":65,"column":6}},"loc":{"start":{"line":52,"column":4},"end":{"line":65,"column":6}},"line":52},"3":{"name":"disagreeButton.addEventListener.once","decl":{"start":{"line":59,"column":10},"end":{"line":61,"column":12}},"loc":{"start":{"line":59,"column":10},"end":{"line":61,"column":12}},"line":59},"4":{"name":"createPopoverContent","decl":{"start":{"line":69,"column":7},"end":{"line":111,"column":1}},"loc":{"start":{"line":69,"column":7},"end":{"line":111,"column":1}},"line":69},"5":{"name":"getShapWordStyles","decl":{"start":{"line":121,"column":7},"end":{"line":159,"column":1}},"loc":{"start":{"line":121,"column":7},"end":{"line":159,"column":1}},"line":121}},"f":{"0":2,"1":1,"2":1,"3":1,"4":4,"5":11}}
,"/Users/wh/repos/uol/projects/client-mlm-post-detector/src/utils/shortCode.ts": {"path":"/Users/wh/repos/uol/projects/client-mlm-post-detector/src/utils/shortCode.ts","all":false,"statementMap":{"4":{"start":{"line":5,"column":0},"end":{"line":5,"column":61}},"5":{"start":{"line":6,"column":0},"end":{"line":6,"column":12}},"6":{"start":{"line":7,"column":0},"end":{"line":7,"column":50}},"7":{"start":{"line":8,"column":0},"end":{"line":8,"column":35}},"8":{"start":{"line":9,"column":0},"end":{"line":9,"column":3}},"9":{"start":{"line":10,"column":0},"end":{"line":10,"column":14}},"10":{"start":{"line":11,"column":0},"end":{"line":11,"column":1}}},"s":{"4":1,"5":14,"6":9,"7":9,"8":9,"9":5,"10":5},"branchMap":{"0":{"type":"branch","line":5,"loc":{"start":{"line":5,"column":7},"end":{"line":11,"column":1}},"locations":[{"start":{"line":5,"column":7},"end":{"line":11,"column":1}}]},"1":{"type":"branch","line":6,"loc":{"start":{"line":6,"column":11},"end":{"line":9,"column":3}},"locations":[{"start":{"line":6,"column":11},"end":{"line":9,"column":3}}]},"2":{"type":"branch","line":8,"loc":{"start":{"line":8,"column":11},"end":{"line":8,"column":30}},"locations":[{"start":{"line":8,"column":11},"end":{"line":8,"column":30}}]},"3":{"type":"branch","line":8,"loc":{"start":{"line":8,"column":26},"end":{"line":8,"column":35}},"locations":[{"start":{"line":8,"column":26},"end":{"line":8,"column":35}}]},"4":{"type":"branch","line":9,"loc":{"start":{"line":9,"column":2},"end":{"line":11,"column":1}},"locations":[{"start":{"line":9,"column":2},"end":{"line":11,"column":1}}]}},"b":{"0":[14],"1":[9],"2":[7],"3":[2],"4":[5]},"fnMap":{"0":{"name":"extractShortcodeFromUrl","decl":{"start":{"line":5,"column":7},"end":{"line":11,"column":1}},"loc":{"start":{"line":5,"column":7},"end":{"line":11,"column":1}},"line":5}},"f":{"0":14}}
}
